ERROR 2019-08-31 09:15:31,082 >> server error
ERROR 2019-08-31 09:15:33,804 >> server error
ERROR 2019-08-31 09:16:22,202 >> server error
ERROR 2019-08-31 09:16:25,232 >> server error
ERROR 2019-08-31 09:16:27,940 >> server error
ERROR 2019-08-31 09:17:34,434 >> server error
ERROR 2019-08-31 09:17:37,691 >> server error
ERROR 2019-08-31 09:17:40,324 >> server error
ERROR 2019-08-31 09:23:51,430 >> server error
ERROR 2019-08-31 09:23:54,063 >> server error
ERROR 2019-08-31 09:25:25,364 >> server error
ERROR 2019-08-31 09:25:28,015 >> server error
ERROR 2019-08-31 09:27:43,498 >> server error
ERROR 2019-08-31 09:27:47,953 >> server error
ERROR 2019-08-31 09:27:50,553 >> server error
ERROR 2019-08-31 09:28:24,972 >> server error
ERROR 2019-08-31 09:28:27,772 >> server error
ERROR 2019-08-31 09:28:30,362 >> server error
ERROR 2019-08-31 09:43:48,473 >> server error
INFO 2019-08-31 09:46:54,737 >> server start
ERROR 2019-08-31 09:46:54,737 >> server error
ERROR 2019-08-31 09:54:39,946 >> server error
INFO 2019-08-31 09:56:13,893 >> server start
ERROR 2019-08-31 09:56:13,893 >> server error
INFO 2019-08-31 09:57:10,333 >> server start
ERROR 2019-08-31 09:57:10,333 >> server error
INFO 2019-08-31 10:47:40,194 >> server start
ERROR 2019-08-31 10:47:40,194 >> server error
INFO 2019-08-31 10:47:42,917 >> server start
ERROR 2019-08-31 10:47:42,917 >> server error
INFO 2019-08-31 11:26:47,191 >> server start
ERROR 2019-08-31 11:26:47,191 >> server error
INFO 2019-08-31 11:26:49,968 >> server start
ERROR 2019-08-31 11:26:49,968 >> server error
INFO 2019-08-31 11:28:33,962 >> server start
ERROR 2019-08-31 11:28:33,962 >> server error
INFO 2019-08-31 11:30:20,605 >> server start
ERROR 2019-08-31 11:30:20,606 >> server error
INFO 2019-08-31 11:31:00,661 >> server start
ERROR 2019-08-31 11:31:00,661 >> server error
INFO 2019-08-31 11:38:22,271 >> server start
ERROR 2019-08-31 11:38:22,271 >> server error
INFO 2019-08-31 11:38:25,066 >> server start
ERROR 2019-08-31 11:38:25,066 >> server error
INFO 2019-08-31 11:40:01,830 >> server start
ERROR 2019-08-31 11:40:01,830 >> server error
INFO 2019-08-31 11:41:11,462 >> server start
ERROR 2019-08-31 11:41:11,462 >> server error
INFO 2019-08-31 11:44:30,207 >> server start
ERROR 2019-08-31 11:44:30,207 >> server error
INFO 2019-08-31 11:46:31,495 >> server start
ERROR 2019-08-31 11:46:31,495 >> server error
INFO 2019-08-31 11:50:25,792 >> server start
ERROR 2019-08-31 11:50:25,792 >> server error
INFO 2019-08-31 11:50:48,157 >> server start
ERROR 2019-08-31 11:50:48,157 >> server error
INFO 2019-08-31 12:02:39,061 >> server start
ERROR 2019-08-31 12:02:39,061 >> server error
INFO 2019-08-31 12:02:41,831 >> server start
ERROR 2019-08-31 12:02:41,832 >> server error
INFO 2019-08-31 12:04:09,548 >> server start
ERROR 2019-08-31 12:04:09,549 >> server error
INFO 2019-08-31 12:04:46,024 >> server start
ERROR 2019-08-31 12:04:46,024 >> server error
INFO 2019-08-31 12:06:43,833 >> server start
INFO 2019-08-31 12:14:43,593 >> server start
INFO 2019-08-31 12:16:33,411 >> server start
INFO 2019-08-31 12:18:55,902 >> server start
INFO 2019-08-31 12:21:30,588 >> server start
INFO 2019-08-31 12:21:33,264 >> server start
INFO 2019-08-31 12:23:03,420 >> server start
INFO 2019-08-31 12:23:21,941 >> server start
INFO 2019-08-31 12:30:12,749 >> server start
INFO 2019-08-31 12:30:15,447 >> server start
INFO 2019-08-31 12:30:49,671 >> server start
INFO 2019-08-31 12:33:05,983 >> server start
INFO 2019-08-31 12:33:11,163 >> request:<Request 'http://127.0.0.1:5000/image/edit_f02' [POST]>
INFO 2019-08-31 12:33:11,163 >> full path:D:\내사진\Album 2019\190114-아두이노키트
INFO 2019-08-31 12:33:11,163 >> options:{'arg': 'option'}
INFO 2019-08-31 14:12:53,533 >> server start
INFO 2019-08-31 14:12:55,137 >> server start
INFO 2019-08-31 14:13:24,219 >> request:<Request 'http://127.0.0.1:5000/image/edit_f02' [POST]>
INFO 2019-08-31 14:13:24,219 >> full path:D:\내사진\Album 2019\190114-아두이노키트
INFO 2019-08-31 14:13:24,219 >> options:{'arg': 'option'}
INFO 2019-08-31 14:14:23,791 >> server start
INFO 2019-08-31 14:14:41,127 >> server start
INFO 2019-08-31 14:14:42,562 >> request:<Request 'http://127.0.0.1:5000/image/edit_f02' [POST]>
INFO 2019-08-31 14:14:42,562 >> full path:D:\내사진\Album 2019\190114-아두이노키트
INFO 2019-08-31 14:14:42,563 >> options:{'arg': 'option'}
INFO 2019-08-31 14:14:42,563 >> __name__:service.requestHandler
INFO 2019-08-31 14:17:57,943 >> server start
INFO 2019-08-31 14:17:59,610 >> request:<Request 'http://127.0.0.1:5000/image/edit_f02' [POST]>
INFO 2019-08-31 14:17:59,610 >> full path:D:\내사진\Album 2019\190114-아두이노키트
INFO 2019-08-31 14:17:59,610 >> options:{'arg': 'option'}
INFO 2019-08-31 14:17:59,611 >> __name__:service.requestHandler
INFO 2019-08-31 14:17:59,611 >> __name__:_make_log
INFO 2019-08-31 14:19:47,705 >> server start
INFO 2019-08-31 14:20:01,042 >> request:<Request 'http://127.0.0.1:5000/image/edit_f02' [POST]>
INFO 2019-08-31 14:20:01,042 >> full path:D:\내사진\Album 2019\190114-아두이노키트
INFO 2019-08-31 14:20:01,042 >> options:{'arg': 'option'}
INFO 2019-08-31 14:20:01,043 >> __name__:service.requestHandler
INFO 2019-08-31 14:20:01,043 >> __name__:_make_log
