[2019-09-14 09:55:22,516:saveToExcel  22@getAllData] 1.test,테스트
[2019-09-14 09:55:22,516:saveToExcel  49@getData] 2.['테스트하다', '시험보다']
[2019-09-14 09:55:22,523:saveToExcel  57@getData] 3.['테스트', '시험']
[2019-09-14 09:55:22,526:saveToExcel  22@getAllData] 1.test2,테스트2
[2019-09-14 09:55:22,526:saveToExcel  49@getData] 2.['시험보다']
[2019-09-14 09:55:22,527:saveToExcel  57@getData] 3.['시험']
[2019-09-14 09:55:22,527:saveToExcel  22@getAllData] 1.hello,안녕
[2019-09-14 09:55:22,528:saveToExcel  49@getData] 2.['안녕하세요2']
[2019-09-14 09:55:22,528:saveToExcel  57@getData] 3.['안녕zz']
[2019-09-14 09:55:22,530:saveToExcel  28@getAllData] Excel data: [{'category': 'word1', 'word': 'test', 'meaning': '테스트', 'examples': ['테스트하다', '시험보다'], 'keywords': ['테스트', '시험']}, {'category': 'word', 'word': 'test2', 'meaning': '테스트2', 'examples': ['시험보다'], 'keywords': ['시험']}, {'category': 'word2', 'word': 'hello', 'meaning': '안녕', 'examples': ['안녕하세요2'], 'keywords': ['안녕zz']}]
[2019-09-14 09:56:03,151:saveToExcel  22@getAllData] 1.test,테스트
[2019-09-14 09:56:03,152:saveToExcel  49@getData] 2.['테스트하다', '시험보다']
[2019-09-14 09:56:03,152:saveToExcel  57@getData] 3.['테스트', '시험']
[2019-09-14 09:56:03,153:saveToExcel  22@getAllData] 1.test2,테스트2
[2019-09-14 09:56:03,153:saveToExcel  49@getData] 2.['시험보다']
[2019-09-14 09:56:03,154:saveToExcel  57@getData] 3.['시험']
[2019-09-14 09:56:03,154:saveToExcel  22@getAllData] 1.hello,안녕
[2019-09-14 09:56:03,155:saveToExcel  49@getData] 2.['안녕하세요2']
[2019-09-14 09:56:03,155:saveToExcel  57@getData] 3.['안녕zz']
[2019-09-14 09:56:03,155:saveToExcel  28@getAllData] Excel data: [{'category': 'word1', 'word': 'test', 'meaning': '테스트', 'examples': ['테스트하다', '시험보다'], 'keywords': ['테스트', '시험']}, {'category': 'word', 'word': 'test2', 'meaning': '테스트2', 'examples': ['시험보다'], 'keywords': ['시험']}, {'category': 'word2', 'word': 'hello', 'meaning': '안녕', 'examples': ['안녕하세요2'], 'keywords': ['안녕zz']}]
[2019-09-14 09:57:24,712:saveToExcel  22@getAllData] 1.test,테스트
[2019-09-14 09:57:24,713:saveToExcel  49@getData] 2.['테스트하다', '시험보다']
[2019-09-14 09:57:24,713:saveToExcel  57@getData] 3.['테스트', '시험']
[2019-09-14 09:57:24,714:saveToExcel  22@getAllData] 1.test2,테스트2
[2019-09-14 09:57:24,714:saveToExcel  49@getData] 2.['시험보다']
[2019-09-14 09:57:24,715:saveToExcel  57@getData] 3.['시험']
[2019-09-14 09:57:24,715:saveToExcel  22@getAllData] 1.hello,안녕
[2019-09-14 09:57:24,715:saveToExcel  49@getData] 2.['안녕하세요2']
[2019-09-14 09:57:24,716:saveToExcel  57@getData] 3.['안녕zz']
[2019-09-14 09:57:24,716:saveToExcel  28@getAllData] Excel data: [{'category': 'word1', 'word': 'test', 'meaning': '테스트', 'examples': ['테스트하다', '시험보다'], 'keywords': ['테스트', '시험']}, {'category': 'word', 'word': 'test2', 'meaning': '테스트2', 'examples': ['시험보다'], 'keywords': ['시험']}, {'category': 'word2', 'word': 'hello', 'meaning': '안녕', 'examples': ['안녕하세요2'], 'keywords': ['안녕zz']}]
[2019-09-14 09:57:48,656:saveToExcel  22@getAllData] 1.test,테스트
[2019-09-14 09:57:48,656:saveToExcel  49@getData] 2.['테스트하다', '시험보다']
[2019-09-14 09:57:48,657:saveToExcel  57@getData] 3.['테스트', '시험']
[2019-09-14 09:57:48,657:saveToExcel  22@getAllData] 1.test2,테스트2
[2019-09-14 09:57:48,658:saveToExcel  49@getData] 2.['시험보다']
[2019-09-14 09:57:48,659:saveToExcel  57@getData] 3.['시험']
[2019-09-14 09:57:48,659:saveToExcel  22@getAllData] 1.hello,안녕
[2019-09-14 09:57:48,661:saveToExcel  49@getData] 2.['안녕하세요2']
[2019-09-14 09:57:48,661:saveToExcel  57@getData] 3.['안녕zz']
[2019-09-14 09:57:48,662:saveToExcel  28@getAllData] Excel data: [{'category': 'word1', 'word': 'test', 'meaning': '테스트', 'examples': ['테스트하다', '시험보다'], 'keywords': ['테스트', '시험']}, {'category': 'word', 'word': 'test2', 'meaning': '테스트2', 'examples': ['시험보다'], 'keywords': ['시험']}, {'category': 'word2', 'word': 'hello', 'meaning': '안녕', 'examples': ['안녕하세요2'], 'keywords': ['안녕zz']}]
[2019-09-14 09:58:04,302:saveToExcel  22@getAllData] 1.test,테스트
[2019-09-14 09:58:04,302:saveToExcel  49@getData] 2.['테스트하다', '시험보다']
[2019-09-14 09:58:04,303:saveToExcel  57@getData] 3.['테스트', '시험']
[2019-09-14 09:58:04,303:saveToExcel  22@getAllData] 1.test2,테스트2
[2019-09-14 09:58:04,304:saveToExcel  49@getData] 2.['시험보다']
[2019-09-14 09:58:04,304:saveToExcel  57@getData] 3.['시험']
[2019-09-14 09:58:04,305:saveToExcel  22@getAllData] 1.hello,안녕
[2019-09-14 09:58:04,305:saveToExcel  49@getData] 2.['안녕하세요2']
[2019-09-14 09:58:04,305:saveToExcel  57@getData] 3.['안녕zz']
[2019-09-14 09:58:04,306:saveToExcel  28@getAllData] Excel data: [{'category': 'word1', 'word': 'test', 'meaning': '테스트', 'examples': ['테스트하다', '시험보다'], 'keywords': ['테스트', '시험']}, {'category': 'word', 'word': 'test2', 'meaning': '테스트2', 'examples': ['시험보다'], 'keywords': ['시험']}, {'category': 'word2', 'word': 'hello', 'meaning': '안녕', 'examples': ['안녕하세요2'], 'keywords': ['안녕zz']}]
[2019-09-14 09:59:00,116:saveToExcel  22@getAllData] 1.test,테스트
[2019-09-14 09:59:00,117:saveToExcel  49@getData] 2.['테스트하다', '시험보다']
[2019-09-14 09:59:00,117:saveToExcel  57@getData] 3.['테스트', '시험']
[2019-09-14 09:59:00,118:saveToExcel  22@getAllData] 1.test2,테스트2
[2019-09-14 09:59:00,118:saveToExcel  49@getData] 2.['시험보다']
[2019-09-14 09:59:00,119:saveToExcel  57@getData] 3.['시험']
[2019-09-14 09:59:00,119:saveToExcel  22@getAllData] 1.hello,안녕
[2019-09-14 09:59:00,119:saveToExcel  49@getData] 2.['안녕하세요2']
[2019-09-14 09:59:00,120:saveToExcel  57@getData] 3.['안녕zz']
[2019-09-14 09:59:00,120:saveToExcel  28@getAllData] Excel data: [{'category': 'word1', 'word': 'test', 'meaning': '테스트', 'examples': ['테스트하다', '시험보다'], 'keywords': ['테스트', '시험']}, {'category': 'word', 'word': 'test2', 'meaning': '테스트2', 'examples': ['시험보다'], 'keywords': ['시험']}, {'category': 'word2', 'word': 'hello', 'meaning': '안녕', 'examples': ['안녕하세요2'], 'keywords': ['안녕zz']}]
[2019-09-14 10:04:22,073:saveToExcel  22@getAllData] 1.test,테스트
[2019-09-14 10:04:22,073:saveToExcel  49@getData] 2.['테스트하다', '시험보다']
[2019-09-14 10:04:22,074:saveToExcel  57@getData] 3.['테스트', '시험']
[2019-09-14 10:04:22,074:saveToExcel  22@getAllData] 1.test2,테스트2
[2019-09-14 10:04:22,075:saveToExcel  49@getData] 2.['시험보다']
[2019-09-14 10:04:22,076:saveToExcel  57@getData] 3.['시험']
[2019-09-14 10:04:22,078:saveToExcel  22@getAllData] 1.hello,안녕
[2019-09-14 10:04:22,078:saveToExcel  49@getData] 2.['안녕하세요2']
[2019-09-14 10:04:22,079:saveToExcel  57@getData] 3.['안녕zz']
[2019-09-14 10:04:22,081:saveToExcel  28@getAllData] Excel data: [{'category': 'word1', 'word': 'test', 'meaning': '테스트', 'examples': ['테스트하다', '시험보다'], 'keywords': ['테스트', '시험']}, {'category': 'word', 'word': 'test2', 'meaning': '테스트2', 'examples': ['시험보다'], 'keywords': ['시험']}, {'category': 'word2', 'word': 'hello', 'meaning': '안녕', 'examples': ['안녕하세요2'], 'keywords': ['안녕zz']}]
[2019-09-14 10:05:21,983:saveToExcel  22@getAllData] 1.test,테스트
[2019-09-14 10:05:21,984:saveToExcel  49@getData] 2.['테스트하다', '시험보다']
[2019-09-14 10:05:21,985:saveToExcel  57@getData] 3.['테스트', '시험']
[2019-09-14 10:05:21,985:saveToExcel  22@getAllData] 1.test2,테스트2
[2019-09-14 10:05:21,986:saveToExcel  49@getData] 2.['시험보다']
[2019-09-14 10:05:21,987:saveToExcel  57@getData] 3.['시험']
[2019-09-14 10:05:21,987:saveToExcel  22@getAllData] 1.hello,안녕
[2019-09-14 10:05:21,987:saveToExcel  49@getData] 2.['안녕하세요2']
[2019-09-14 10:05:21,988:saveToExcel  57@getData] 3.['안녕zz']
[2019-09-14 10:05:21,988:saveToExcel  28@getAllData] Excel data: [{'category': 'word1', 'word': 'test', 'meaning': '테스트', 'examples': ['테스트하다', '시험보다'], 'keywords': ['테스트', '시험']}, {'category': 'word', 'word': 'test2', 'meaning': '테스트2', 'examples': ['시험보다'], 'keywords': ['시험']}, {'category': 'word2', 'word': 'hello', 'meaning': '안녕', 'examples': ['안녕하세요2'], 'keywords': ['안녕zz']}]
[2019-09-14 10:06:33,735:saveToExcel  22@getAllData] 1.test,테스트
[2019-09-14 10:06:33,735:saveToExcel  49@getData] 2.['테스트하다', '시험보다']
[2019-09-14 10:06:33,736:saveToExcel  57@getData] 3.['테스트', '시험']
[2019-09-14 10:06:33,736:saveToExcel  22@getAllData] 1.test2,테스트2
[2019-09-14 10:06:33,736:saveToExcel  49@getData] 2.['시험보다']
[2019-09-14 10:06:33,737:saveToExcel  57@getData] 3.['시험']
[2019-09-14 10:06:33,737:saveToExcel  22@getAllData] 1.hello,안녕
[2019-09-14 10:06:33,737:saveToExcel  49@getData] 2.['안녕하세요2']
[2019-09-14 10:06:33,738:saveToExcel  57@getData] 3.['안녕zz']
[2019-09-14 10:06:33,738:saveToExcel  28@getAllData] Excel data: [{'category': 'word1', 'word': 'test', 'meaning': '테스트', 'examples': ['테스트하다', '시험보다'], 'keywords': ['테스트', '시험']}, {'category': 'word', 'word': 'test2', 'meaning': '테스트2', 'examples': ['시험보다'], 'keywords': ['시험']}, {'category': 'word2', 'word': 'hello', 'meaning': '안녕', 'examples': ['안녕하세요2'], 'keywords': ['안녕zz']}]
[2019-09-14 10:09:56,398:saveToExcel  22@getAllData] 1.test,테스트
[2019-09-14 10:09:56,399:saveToExcel  49@getData] 2.['테스트하다', '시험보다']
[2019-09-14 10:09:56,399:saveToExcel  57@getData] 3.['테스트', '시험']
[2019-09-14 10:09:56,400:saveToExcel  22@getAllData] 1.test2,테스트2
[2019-09-14 10:09:56,401:saveToExcel  49@getData] 2.['시험보다']
[2019-09-14 10:09:56,401:saveToExcel  57@getData] 3.['시험']
[2019-09-14 10:09:56,402:saveToExcel  22@getAllData] 1.hello,안녕
[2019-09-14 10:09:56,405:saveToExcel  49@getData] 2.['안녕하세요2']
[2019-09-14 10:09:56,406:saveToExcel  57@getData] 3.['안녕zz']
[2019-09-14 10:09:56,406:saveToExcel  28@getAllData] Excel data: [{'category': 'word1', 'word': 'test', 'meaning': '테스트', 'examples': ['테스트하다', '시험보다'], 'keywords': ['테스트', '시험']}, {'category': 'word', 'word': 'test2', 'meaning': '테스트2', 'examples': ['시험보다'], 'keywords': ['시험']}, {'category': 'word2', 'word': 'hello', 'meaning': '안녕', 'examples': ['안녕하세요2'], 'keywords': ['안녕zz']}]
[2019-09-14 10:10:49,897:saveToExcel  22@getAllData] 1.test,테스트
[2019-09-14 10:10:49,898:saveToExcel  49@getData] 2.['테스트하다', '시험보다']
[2019-09-14 10:10:49,899:saveToExcel  57@getData] 3.['테스트', '시험']
[2019-09-14 10:10:49,899:saveToExcel  22@getAllData] 1.test2,테스트2
[2019-09-14 10:10:49,900:saveToExcel  49@getData] 2.['시험보다']
[2019-09-14 10:10:49,900:saveToExcel  57@getData] 3.['시험']
[2019-09-14 10:10:49,900:saveToExcel  22@getAllData] 1.hello,안녕
[2019-09-14 10:10:49,901:saveToExcel  49@getData] 2.['안녕하세요2']
[2019-09-14 10:10:49,901:saveToExcel  57@getData] 3.['안녕zz']
[2019-09-14 10:10:49,902:saveToExcel  28@getAllData] Excel data: [{'category': 'word1', 'word': 'test', 'meaning': '테스트', 'examples': ['테스트하다', '시험보다'], 'keywords': ['테스트', '시험']}, {'category': 'word', 'word': 'test2', 'meaning': '테스트2', 'examples': ['시험보다'], 'keywords': ['시험']}, {'category': 'word2', 'word': 'hello', 'meaning': '안녕', 'examples': ['안녕하세요2'], 'keywords': ['안녕zz']}]
[2019-09-14 10:11:12,916:saveToExcel  22@getAllData] 1.test,테스트
[2019-09-14 10:11:12,916:saveToExcel  49@getData] 2.['테스트하다', '시험보다']
[2019-09-14 10:11:12,917:saveToExcel  57@getData] 3.['테스트', '시험']
[2019-09-14 10:11:12,920:saveToExcel  22@getAllData] 1.test2,테스트2
[2019-09-14 10:11:12,920:saveToExcel  49@getData] 2.['시험보다']
[2019-09-14 10:11:12,921:saveToExcel  57@getData] 3.['시험']
[2019-09-14 10:11:12,921:saveToExcel  22@getAllData] 1.hello,안녕
[2019-09-14 10:11:12,922:saveToExcel  49@getData] 2.['안녕하세요2']
[2019-09-14 10:11:12,922:saveToExcel  57@getData] 3.['안녕zz']
[2019-09-14 10:11:12,923:saveToExcel  28@getAllData] Excel data: [{'category': 'word1', 'word': 'test', 'meaning': '테스트', 'examples': ['테스트하다', '시험보다'], 'keywords': ['테스트', '시험']}, {'category': 'word', 'word': 'test2', 'meaning': '테스트2', 'examples': ['시험보다'], 'keywords': ['시험']}, {'category': 'word2', 'word': 'hello', 'meaning': '안녕', 'examples': ['안녕하세요2'], 'keywords': ['안녕zz']}]
[2019-09-14 10:13:02,915:saveToExcel  22@getAllData] 1.test,테스트
[2019-09-14 10:13:02,916:saveToExcel  49@getData] 2.['테스트하다', '시험보다']
[2019-09-14 10:13:02,916:saveToExcel  57@getData] 3.['테스트', '시험']
[2019-09-14 10:13:02,917:saveToExcel  22@getAllData] 1.test2,테스트2
[2019-09-14 10:13:02,917:saveToExcel  49@getData] 2.['시험보다']
[2019-09-14 10:13:02,917:saveToExcel  57@getData] 3.['시험']
[2019-09-14 10:13:02,918:saveToExcel  22@getAllData] 1.hello,안녕
[2019-09-14 10:13:02,918:saveToExcel  49@getData] 2.['안녕하세요2']
[2019-09-14 10:13:02,919:saveToExcel  57@getData] 3.['안녕zz']
[2019-09-14 10:13:02,919:saveToExcel  28@getAllData] Excel data: [{'category': 'word1', 'word': 'test', 'meaning': '테스트', 'examples': ['테스트하다', '시험보다'], 'keywords': ['테스트', '시험']}, {'category': 'word', 'word': 'test2', 'meaning': '테스트2', 'examples': ['시험보다'], 'keywords': ['시험']}, {'category': 'word2', 'word': 'hello', 'meaning': '안녕', 'examples': ['안녕하세요2'], 'keywords': ['안녕zz']}]
[2019-09-14 10:15:09,946:saveToExcel  22@getAllData] 1.test,테스트
[2019-09-14 10:15:09,946:saveToExcel  49@getData] 2.['테스트하다', '시험보다']
[2019-09-14 10:15:09,947:saveToExcel  57@getData] 3.['테스트', '시험']
[2019-09-14 10:15:09,947:saveToExcel  22@getAllData] 1.test2,테스트2
[2019-09-14 10:15:09,948:saveToExcel  49@getData] 2.['시험보다']
[2019-09-14 10:15:09,948:saveToExcel  57@getData] 3.['시험']
[2019-09-14 10:15:09,949:saveToExcel  22@getAllData] 1.hello,안녕
[2019-09-14 10:15:09,950:saveToExcel  49@getData] 2.['안녕하세요2']
[2019-09-14 10:15:09,950:saveToExcel  57@getData] 3.['안녕zz']
[2019-09-14 10:15:09,951:saveToExcel  28@getAllData] Excel data: [{'category': 'word1', 'word': 'test', 'meaning': '테스트', 'examples': ['테스트하다', '시험보다'], 'keywords': ['테스트', '시험']}, {'category': 'word', 'word': 'test2', 'meaning': '테스트2', 'examples': ['시험보다'], 'keywords': ['시험']}, {'category': 'word2', 'word': 'hello', 'meaning': '안녕', 'examples': ['안녕하세요2'], 'keywords': ['안녕zz']}]
[2019-09-14 10:15:32,931:saveToExcel  22@getAllData] 1.test,테스트
[2019-09-14 10:15:32,932:saveToExcel  49@getData] 2.['테스트하다', '시험보다']
[2019-09-14 10:15:32,933:saveToExcel  57@getData] 3.['테스트', '시험']
[2019-09-14 10:15:32,933:saveToExcel  22@getAllData] 1.test2,테스트2
[2019-09-14 10:15:32,934:saveToExcel  49@getData] 2.['시험보다']
[2019-09-14 10:15:32,934:saveToExcel  57@getData] 3.['시험']
[2019-09-14 10:15:32,935:saveToExcel  22@getAllData] 1.hello,안녕
[2019-09-14 10:15:32,935:saveToExcel  49@getData] 2.['안녕하세요2']
[2019-09-14 10:15:32,936:saveToExcel  57@getData] 3.['안녕zz']
[2019-09-14 10:15:32,936:saveToExcel  28@getAllData] Excel data: [{'category': 'word1', 'word': 'test', 'meaning': '테스트', 'examples': ['테스트하다', '시험보다'], 'keywords': ['테스트', '시험']}, {'category': 'word', 'word': 'test2', 'meaning': '테스트2', 'examples': ['시험보다'], 'keywords': ['시험']}, {'category': 'word2', 'word': 'hello', 'meaning': '안녕', 'examples': ['안녕하세요2'], 'keywords': ['안녕zz']}]
[2019-09-14 10:15:52,668:saveToExcel  22@getAllData] 1.test,테스트
[2019-09-14 10:15:52,668:saveToExcel  49@getData] 2.['테스트하다', '시험보다']
[2019-09-14 10:15:52,669:saveToExcel  57@getData] 3.['테스트', '시험']
[2019-09-14 10:15:52,669:saveToExcel  22@getAllData] 1.test2,테스트2
[2019-09-14 10:15:52,670:saveToExcel  49@getData] 2.['시험보다']
[2019-09-14 10:15:52,670:saveToExcel  57@getData] 3.['시험']
[2019-09-14 10:15:52,670:saveToExcel  22@getAllData] 1.hello,안녕
[2019-09-14 10:15:52,671:saveToExcel  49@getData] 2.['안녕하세요2']
[2019-09-14 10:15:52,672:saveToExcel  57@getData] 3.['안녕zz']
[2019-09-14 10:15:52,672:saveToExcel  28@getAllData] Excel data: [{'category': 'word1', 'word': 'test', 'meaning': '테스트', 'examples': ['테스트하다', '시험보다'], 'keywords': ['테스트', '시험']}, {'category': 'word', 'word': 'test2', 'meaning': '테스트2', 'examples': ['시험보다'], 'keywords': ['시험']}, {'category': 'word2', 'word': 'hello', 'meaning': '안녕', 'examples': ['안녕하세요2'], 'keywords': ['안녕zz']}]
[2019-09-14 10:26:24,181:saveToExcel  22@getAllData] 1.test,테스트
[2019-09-14 10:26:24,181:saveToExcel  49@getData] 2.['테스트하다', '시험보다']
[2019-09-14 10:26:24,182:saveToExcel  57@getData] 3.['테스트', '시험']
[2019-09-14 10:26:24,182:saveToExcel  22@getAllData] 1.test2,테스트2
[2019-09-14 10:26:24,183:saveToExcel  49@getData] 2.['시험보다']
[2019-09-14 10:26:24,183:saveToExcel  57@getData] 3.['시험']
[2019-09-14 10:26:24,184:saveToExcel  22@getAllData] 1.hello,안녕
[2019-09-14 10:26:24,184:saveToExcel  49@getData] 2.['안녕하세요2']
[2019-09-14 10:26:24,184:saveToExcel  57@getData] 3.['안녕zz']
[2019-09-14 10:26:24,185:saveToExcel  28@getAllData] Excel data: [{'category': 'word1', 'word': 'test', 'meaning': '테스트', 'examples': ['테스트하다', '시험보다'], 'keywords': ['테스트', '시험']}, {'category': 'word', 'word': 'test2', 'meaning': '테스트2', 'examples': ['시험보다'], 'keywords': ['시험']}, {'category': 'word2', 'word': 'hello', 'meaning': '안녕', 'examples': ['안녕하세요2'], 'keywords': ['안녕zz']}]
[2019-09-14 10:28:17,832:saveToExcel  22@getAllData] 1.test,테스트
[2019-09-14 10:28:17,833:saveToExcel  49@getData] 2.['테스트하다', '시험보다']
[2019-09-14 10:28:17,834:saveToExcel  57@getData] 3.['테스트', '시험']
[2019-09-14 10:28:17,834:saveToExcel  22@getAllData] 1.test2,테스트2
[2019-09-14 10:28:17,835:saveToExcel  49@getData] 2.['시험보다']
[2019-09-14 10:28:17,836:saveToExcel  57@getData] 3.['시험']
[2019-09-14 10:28:17,836:saveToExcel  22@getAllData] 1.hello,안녕
[2019-09-14 10:28:17,837:saveToExcel  49@getData] 2.['안녕하세요2']
[2019-09-14 10:28:17,838:saveToExcel  57@getData] 3.['안녕zz']
[2019-09-14 10:28:17,838:saveToExcel  28@getAllData] Excel data: [{'category': 'word1', 'word': 'test', 'meaning': '테스트', 'examples': ['테스트하다', '시험보다'], 'keywords': ['테스트', '시험']}, {'category': 'word', 'word': 'test2', 'meaning': '테스트2', 'examples': ['시험보다'], 'keywords': ['시험']}, {'category': 'word2', 'word': 'hello', 'meaning': '안녕', 'examples': ['안녕하세요2'], 'keywords': ['안녕zz']}]
[2019-09-14 10:28:43,205:saveToExcel  22@getAllData] 1.test,테스트
[2019-09-14 10:28:43,206:saveToExcel  49@getData] 2.['테스트하다', '시험보다']
[2019-09-14 10:28:43,207:saveToExcel  57@getData] 3.['테스트', '시험']
[2019-09-14 10:28:43,208:saveToExcel  22@getAllData] 1.test2,테스트2
[2019-09-14 10:28:43,208:saveToExcel  49@getData] 2.['시험보다']
[2019-09-14 10:28:43,209:saveToExcel  57@getData] 3.['시험']
[2019-09-14 10:28:43,209:saveToExcel  22@getAllData] 1.hello,안녕
[2019-09-14 10:28:43,210:saveToExcel  49@getData] 2.['안녕하세요2']
[2019-09-14 10:28:43,211:saveToExcel  57@getData] 3.['안녕zz']
[2019-09-14 10:28:43,211:saveToExcel  28@getAllData] Excel data: [{'category': 'word1', 'word': 'test', 'meaning': '테스트', 'examples': ['테스트하다', '시험보다'], 'keywords': ['테스트', '시험']}, {'category': 'word', 'word': 'test2', 'meaning': '테스트2', 'examples': ['시험보다'], 'keywords': ['시험']}, {'category': 'word2', 'word': 'hello', 'meaning': '안녕', 'examples': ['안녕하세요2'], 'keywords': ['안녕zz']}]
[2019-09-14 10:29:16,592:saveToExcel  22@getAllData] 1.test,테스트
[2019-09-14 10:29:16,593:saveToExcel  49@getData] 2.['테스트하다', '시험보다']
[2019-09-14 10:29:16,594:saveToExcel  57@getData] 3.['테스트', '시험']
[2019-09-14 10:29:16,595:saveToExcel  22@getAllData] 1.test2,테스트2
[2019-09-14 10:29:16,596:saveToExcel  49@getData] 2.['시험보다']
[2019-09-14 10:29:16,596:saveToExcel  57@getData] 3.['시험']
[2019-09-14 10:29:16,597:saveToExcel  22@getAllData] 1.hello,안녕
[2019-09-14 10:29:16,597:saveToExcel  49@getData] 2.['안녕하세요2']
[2019-09-14 10:29:16,598:saveToExcel  57@getData] 3.['안녕zz']
[2019-09-14 10:29:16,598:saveToExcel  28@getAllData] Excel data: [{'category': 'word1', 'word': 'test', 'meaning': '테스트', 'examples': ['테스트하다', '시험보다'], 'keywords': ['테스트', '시험']}, {'category': 'word', 'word': 'test2', 'meaning': '테스트2', 'examples': ['시험보다'], 'keywords': ['시험']}, {'category': 'word2', 'word': 'hello', 'meaning': '안녕', 'examples': ['안녕하세요2'], 'keywords': ['안녕zz']}]
[2019-09-14 10:30:05,853:saveToExcel  22@getAllData] 1.test,테스트
[2019-09-14 10:30:05,854:saveToExcel  49@getData] 2.['테스트하다', '시험보다']
[2019-09-14 10:30:05,854:saveToExcel  57@getData] 3.['테스트', '시험']
[2019-09-14 10:30:05,854:saveToExcel  22@getAllData] 1.test2,테스트2
[2019-09-14 10:30:05,855:saveToExcel  49@getData] 2.['시험보다']
[2019-09-14 10:30:05,855:saveToExcel  57@getData] 3.['시험']
[2019-09-14 10:30:05,856:saveToExcel  22@getAllData] 1.hello,안녕
[2019-09-14 10:30:05,856:saveToExcel  49@getData] 2.['안녕하세요2']
[2019-09-14 10:30:05,856:saveToExcel  57@getData] 3.['안녕zz']
[2019-09-14 10:30:05,857:saveToExcel  28@getAllData] Excel data: [{'category': 'word1', 'word': 'test', 'meaning': '테스트', 'examples': ['테스트하다', '시험보다'], 'keywords': ['테스트', '시험']}, {'category': 'word', 'word': 'test2', 'meaning': '테스트2', 'examples': ['시험보다'], 'keywords': ['시험']}, {'category': 'word2', 'word': 'hello', 'meaning': '안녕', 'examples': ['안녕하세요2'], 'keywords': ['안녕zz']}]
[2019-09-14 10:30:14,419:saveToExcel  22@getAllData] 1.test,테스트
[2019-09-14 10:30:14,420:saveToExcel  49@getData] 2.['테스트하다', '시험보다']
[2019-09-14 10:30:14,420:saveToExcel  57@getData] 3.['테스트', '시험']
[2019-09-14 10:30:14,421:saveToExcel  22@getAllData] 1.test2,테스트2
[2019-09-14 10:30:14,421:saveToExcel  49@getData] 2.['시험보다']
[2019-09-14 10:30:14,422:saveToExcel  57@getData] 3.['시험']
[2019-09-14 10:30:14,422:saveToExcel  22@getAllData] 1.hello,안녕
[2019-09-14 10:30:14,422:saveToExcel  49@getData] 2.['안녕하세요2']
[2019-09-14 10:30:14,423:saveToExcel  57@getData] 3.['안녕zz']
[2019-09-14 10:30:14,423:saveToExcel  28@getAllData] Excel data: [{'category': 'word1', 'word': 'test', 'meaning': '테스트', 'examples': ['테스트하다', '시험보다'], 'keywords': ['테스트', '시험']}, {'category': 'word', 'word': 'test2', 'meaning': '테스트2', 'examples': ['시험보다'], 'keywords': ['시험']}, {'category': 'word2', 'word': 'hello', 'meaning': '안녕', 'examples': ['안녕하세요2'], 'keywords': ['안녕zz']}]
[2019-09-14 10:30:44,109:saveToExcel  22@getAllData] 1.test,테스트
[2019-09-14 10:30:44,110:saveToExcel  49@getData] 2.['테스트하다', '시험보다']
[2019-09-14 10:30:44,110:saveToExcel  57@getData] 3.['테스트', '시험']
[2019-09-14 10:30:44,111:saveToExcel  22@getAllData] 1.test2,테스트2
[2019-09-14 10:30:44,111:saveToExcel  49@getData] 2.['시험보다']
[2019-09-14 10:30:44,111:saveToExcel  57@getData] 3.['시험']
[2019-09-14 10:30:44,112:saveToExcel  22@getAllData] 1.hello,안녕
[2019-09-14 10:30:44,112:saveToExcel  49@getData] 2.['안녕하세요2']
[2019-09-14 10:30:44,113:saveToExcel  57@getData] 3.['안녕zz']
[2019-09-14 10:30:44,113:saveToExcel  28@getAllData] Excel data: [{'category': 'word1', 'word': 'test', 'meaning': '테스트', 'examples': ['테스트하다', '시험보다'], 'keywords': ['테스트', '시험']}, {'category': 'word', 'word': 'test2', 'meaning': '테스트2', 'examples': ['시험보다'], 'keywords': ['시험']}, {'category': 'word2', 'word': 'hello', 'meaning': '안녕', 'examples': ['안녕하세요2'], 'keywords': ['안녕zz']}]
[2019-09-14 10:37:18,109:saveToExcel  22@getAllData] 1.test,테스트
[2019-09-14 10:37:18,110:saveToExcel  49@getData] 2.['테스트하다', '시험보다']
[2019-09-14 10:37:18,110:saveToExcel  57@getData] 3.['테스트', '시험']
[2019-09-14 10:37:18,111:saveToExcel  22@getAllData] 1.test2,테스트2
[2019-09-14 10:37:18,112:saveToExcel  49@getData] 2.['시험보다']
[2019-09-14 10:37:18,112:saveToExcel  57@getData] 3.['시험']
[2019-09-14 10:37:18,113:saveToExcel  22@getAllData] 1.hello,안녕
[2019-09-14 10:37:18,113:saveToExcel  49@getData] 2.['안녕하세요2']
[2019-09-14 10:37:18,114:saveToExcel  57@getData] 3.['안녕zz']
[2019-09-14 10:37:18,114:saveToExcel  28@getAllData] Excel data: [{'category': 'word1', 'word': 'test', 'meaning': '테스트', 'examples': ['테스트하다', '시험보다'], 'keywords': ['테스트', '시험']}, {'category': 'word', 'word': 'test2', 'meaning': '테스트2', 'examples': ['시험보다'], 'keywords': ['시험']}, {'category': 'word2', 'word': 'hello', 'meaning': '안녕', 'examples': ['안녕하세요2'], 'keywords': ['안녕zz']}]
[2019-09-14 10:45:51,478:saveToExcel  22@getAllData] 1.test,테스트
[2019-09-14 10:45:51,479:saveToExcel  49@getData] 2.['테스트하다', '시험보다']
[2019-09-14 10:45:51,480:saveToExcel  57@getData] 3.['테스트', '시험']
[2019-09-14 10:45:51,480:saveToExcel  22@getAllData] 1.test2,테스트2
[2019-09-14 10:45:51,480:saveToExcel  49@getData] 2.['시험보다']
[2019-09-14 10:45:51,481:saveToExcel  57@getData] 3.['시험']
[2019-09-14 10:45:51,486:saveToExcel  22@getAllData] 1.hello,안녕
[2019-09-14 10:45:51,487:saveToExcel  49@getData] 2.['안녕하세요2']
[2019-09-14 10:45:51,487:saveToExcel  57@getData] 3.['안녕zz']
[2019-09-14 10:45:51,488:saveToExcel  28@getAllData] Excel data: [{'category': 'word1', 'word': 'test', 'meaning': '테스트', 'examples': ['테스트하다', '시험보다'], 'keywords': ['테스트', '시험']}, {'category': 'word', 'word': 'test2', 'meaning': '테스트2', 'examples': ['시험보다'], 'keywords': ['시험']}, {'category': 'word2', 'word': 'hello', 'meaning': '안녕', 'examples': ['안녕하세요2'], 'keywords': ['안녕zz']}]
[2019-09-14 10:47:03,624:saveToExcel  22@getAllData] 1.test,테스트
[2019-09-14 10:47:03,624:saveToExcel  49@getData] 2.['테스트하다', '시험보다']
[2019-09-14 10:47:03,625:saveToExcel  57@getData] 3.['테스트', '시험']
[2019-09-14 10:47:03,625:saveToExcel  22@getAllData] 1.test2,테스트2
[2019-09-14 10:47:03,626:saveToExcel  49@getData] 2.['시험보다']
[2019-09-14 10:47:03,626:saveToExcel  57@getData] 3.['시험']
[2019-09-14 10:47:03,627:saveToExcel  22@getAllData] 1.hello,안녕
[2019-09-14 10:47:03,627:saveToExcel  49@getData] 2.['안녕하세요2']
[2019-09-14 10:47:03,628:saveToExcel  57@getData] 3.['안녕zz']
[2019-09-14 10:47:03,628:saveToExcel  28@getAllData] Excel data: [{'category': 'word1', 'word': 'test', 'meaning': '테스트', 'examples': ['테스트하다', '시험보다'], 'keywords': ['테스트', '시험']}, {'category': 'word', 'word': 'test2', 'meaning': '테스트2', 'examples': ['시험보다'], 'keywords': ['시험']}, {'category': 'word2', 'word': 'hello', 'meaning': '안녕', 'examples': ['안녕하세요2'], 'keywords': ['안녕zz']}]
[2019-09-14 10:47:47,690:saveToExcel  22@getAllData] 1.test,테스트
[2019-09-14 10:47:47,690:saveToExcel  49@getData] 2.['테스트하다', '시험보다']
[2019-09-14 10:47:47,695:saveToExcel  57@getData] 3.['테스트', '시험']
[2019-09-14 10:47:47,695:saveToExcel  22@getAllData] 1.test2,테스트2
[2019-09-14 10:47:47,696:saveToExcel  49@getData] 2.['시험보다']
[2019-09-14 10:47:47,696:saveToExcel  57@getData] 3.['시험']
[2019-09-14 10:47:47,697:saveToExcel  22@getAllData] 1.hello,안녕
[2019-09-14 10:47:47,697:saveToExcel  49@getData] 2.['안녕하세요2']
[2019-09-14 10:47:47,698:saveToExcel  57@getData] 3.['안녕zz']
[2019-09-14 10:47:47,698:saveToExcel  28@getAllData] Excel data: [{'category': 'word1', 'word': 'test', 'meaning': '테스트', 'examples': ['테스트하다', '시험보다'], 'keywords': ['테스트', '시험']}, {'category': 'word', 'word': 'test2', 'meaning': '테스트2', 'examples': ['시험보다'], 'keywords': ['시험']}, {'category': 'word2', 'word': 'hello', 'meaning': '안녕', 'examples': ['안녕하세요2'], 'keywords': ['안녕zz']}]
[2019-09-14 10:49:37,475:saveToExcel  22@getAllData] 1.test,테스트
[2019-09-14 10:49:37,476:saveToExcel  49@getData] 2.['테스트하다', '시험보다']
[2019-09-14 10:49:37,476:saveToExcel  57@getData] 3.['테스트', '시험']
[2019-09-14 10:49:37,477:saveToExcel  22@getAllData] 1.test2,테스트2
[2019-09-14 10:49:37,477:saveToExcel  49@getData] 2.['시험보다']
[2019-09-14 10:49:37,478:saveToExcel  57@getData] 3.['시험']
[2019-09-14 10:49:37,478:saveToExcel  22@getAllData] 1.hello,안녕
[2019-09-14 10:49:37,478:saveToExcel  49@getData] 2.['안녕하세요2']
[2019-09-14 10:49:37,479:saveToExcel  57@getData] 3.['안녕zz']
[2019-09-14 10:49:37,479:saveToExcel  28@getAllData] Excel data: [{'category': 'word1', 'word': 'test', 'meaning': '테스트', 'examples': ['테스트하다', '시험보다'], 'keywords': ['테스트', '시험']}, {'category': 'word', 'word': 'test2', 'meaning': '테스트2', 'examples': ['시험보다'], 'keywords': ['시험']}, {'category': 'word2', 'word': 'hello', 'meaning': '안녕', 'examples': ['안녕하세요2'], 'keywords': ['안녕zz']}]
[2019-09-14 10:50:37,127:saveToExcel  22@getAllData] 1.test,테스트
[2019-09-14 10:50:37,128:saveToExcel  49@getData] 2.['테스트하다', '시험보다']
[2019-09-14 10:50:37,128:saveToExcel  57@getData] 3.['테스트', '시험']
[2019-09-14 10:50:37,129:saveToExcel  22@getAllData] 1.test2,테스트2
[2019-09-14 10:50:37,130:saveToExcel  49@getData] 2.['시험보다']
[2019-09-14 10:50:37,130:saveToExcel  57@getData] 3.['시험']
[2019-09-14 10:50:37,131:saveToExcel  22@getAllData] 1.hello,안녕
[2019-09-14 10:50:37,131:saveToExcel  49@getData] 2.['안녕하세요2']
[2019-09-14 10:50:37,132:saveToExcel  57@getData] 3.['안녕zz']
[2019-09-14 10:50:37,132:saveToExcel  28@getAllData] Excel data: [{'category': 'word1', 'word': 'test', 'meaning': '테스트', 'examples': ['테스트하다', '시험보다'], 'keywords': ['테스트', '시험']}, {'category': 'word', 'word': 'test2', 'meaning': '테스트2', 'examples': ['시험보다'], 'keywords': ['시험']}, {'category': 'word2', 'word': 'hello', 'meaning': '안녕', 'examples': ['안녕하세요2'], 'keywords': ['안녕zz']}]
[2019-09-14 10:53:50,673:saveToExcel  22@getAllData] 1.test,테스트
[2019-09-14 10:53:50,674:saveToExcel  49@getData] 2.['테스트하다', '시험보다']
[2019-09-14 10:53:50,675:saveToExcel  57@getData] 3.['테스트', '시험']
[2019-09-14 10:53:50,675:saveToExcel  22@getAllData] 1.test2,테스트2
[2019-09-14 10:53:50,676:saveToExcel  49@getData] 2.['시험보다']
[2019-09-14 10:53:50,676:saveToExcel  57@getData] 3.['시험']
[2019-09-14 10:53:50,676:saveToExcel  22@getAllData] 1.hello,안녕
[2019-09-14 10:53:50,677:saveToExcel  49@getData] 2.['안녕하세요2']
[2019-09-14 10:53:50,677:saveToExcel  57@getData] 3.['안녕zz']
[2019-09-14 10:53:50,678:saveToExcel  28@getAllData] Excel data: [{'category': 'word1', 'word': 'test', 'meaning': '테스트', 'examples': ['테스트하다', '시험보다'], 'keywords': ['테스트', '시험']}, {'category': 'word', 'word': 'test2', 'meaning': '테스트2', 'examples': ['시험보다'], 'keywords': ['시험']}, {'category': 'word2', 'word': 'hello', 'meaning': '안녕', 'examples': ['안녕하세요2'], 'keywords': ['안녕zz']}]
[2019-09-14 10:55:03,859:saveToExcel  22@getAllData] 1.test,테스트
[2019-09-14 10:55:03,860:saveToExcel  49@getData] 2.['테스트하다', '시험보다']
[2019-09-14 10:55:03,860:saveToExcel  57@getData] 3.['테스트', '시험']
[2019-09-14 10:55:03,861:saveToExcel  22@getAllData] 1.test2,테스트2
[2019-09-14 10:55:03,861:saveToExcel  49@getData] 2.['시험보다']
[2019-09-14 10:55:03,861:saveToExcel  57@getData] 3.['시험']
[2019-09-14 10:55:03,862:saveToExcel  22@getAllData] 1.hello,안녕
[2019-09-14 10:55:03,862:saveToExcel  49@getData] 2.['안녕하세요2']
[2019-09-14 10:55:03,862:saveToExcel  57@getData] 3.['안녕zz']
[2019-09-14 10:55:03,863:saveToExcel  28@getAllData] Excel data: [{'category': 'word1', 'word': 'test', 'meaning': '테스트', 'examples': ['테스트하다', '시험보다'], 'keywords': ['테스트', '시험']}, {'category': 'word', 'word': 'test2', 'meaning': '테스트2', 'examples': ['시험보다'], 'keywords': ['시험']}, {'category': 'word2', 'word': 'hello', 'meaning': '안녕', 'examples': ['안녕하세요2'], 'keywords': ['안녕zz']}]
