[2019-09-08 08:39:44,958:service.FileInfoService  18@__init__] 워크캐쉬: {}
[2019-09-08 08:39:44,961:service.FileInfoService  19@__init__] 패스:D:\내사진\Album 2019\190112-우에노,북이름:190112-우에노
[2019-09-08 08:45:27,938:service.FileInfoService  18@__init__] 워크캐쉬: {}
[2019-09-08 08:45:27,938:service.FileInfoService  19@__init__] 패스:D:\내사진\Album 2019\190112-우에노,북이름:190112-우에노
[2019-09-08 08:46:14,827:service.FileInfoService  18@__init__] 워크캐쉬: {}
[2019-09-08 08:46:14,828:service.FileInfoService  19@__init__] 패스:D:\내사진\Album 2019\190112-우에노,북이름:190112-우에노
[2019-09-08 09:21:11,114:service.FileInfoService  18@__init__] 워크캐쉬: {}
[2019-09-08 09:21:11,114:service.FileInfoService  19@__init__] 패스:D:\내사진\Album 2019\190112-우에노,북이름:190112-우에노
[2019-09-08 09:21:14,586:service.requestHandler  54@_make_log] request:<Request 'http://127.0.0.1:5000/album' [POST]>
[2019-09-08 09:21:14,586:service.requestHandler  55@_make_log] full path:D:\내사진\Album 2019\190112-우에노
[2019-09-08 09:21:14,587:service.requestHandler  56@_make_log] options:{'reqFileHandling': True}
[2019-09-08 09:21:31,820:service.FileInfoService  18@__init__] 워크캐쉬: {}
[2019-09-08 09:21:31,820:service.FileInfoService  19@__init__] 패스:D:\내사진\Album 2019\190112-우에노,북이름:190112-우에노
[2019-09-08 09:21:31,820:service.requestHandler  54@_make_log] request:<Request 'http://127.0.0.1:5000/album/remove' [POST]>
[2019-09-08 09:21:31,821:service.requestHandler  55@_make_log] full path:D:\내사진\Album 2019\190112-우에노
[2019-09-08 09:21:31,821:service.requestHandler  56@_make_log] options:{'reqFileHandling': True}
[2019-09-08 09:21:31,821:service.FileInfoService 172@remove] 삭제 {'HQ': False, 'KO': False, 'KW': [], 'ME': False, 'album': '190112-우에노', 'filename': 'IMG_20190113_120521_quality_rotate.jpg', 'memo': '', 'place': '', 'size': 1260418}
[2019-09-08 09:21:42,614:service.FileInfoService  18@__init__] 워크캐쉬: {}
[2019-09-08 09:21:42,614:service.FileInfoService  19@__init__] 패스:D:\내사진\Album 2019\190112-우에노,북이름:190112-우에노
[2019-09-08 09:21:42,615:service.requestHandler  54@_make_log] request:<Request 'http://127.0.0.1:5000/album/remove' [POST]>
[2019-09-08 09:21:42,615:service.requestHandler  55@_make_log] full path:D:\내사진\Album 2019\190112-우에노
[2019-09-08 09:21:42,615:service.requestHandler  56@_make_log] options:{'reqFileHandling': True}
[2019-09-08 09:21:42,615:service.FileInfoService 172@remove] 삭제 {'HQ': False, 'KO': False, 'KW': [], 'ME': False, 'album': '190112-우에노', 'filename': 'IMG_20190113_120521_rotate_quality.jpg', 'memo': '', 'place': '', 'size': 569705}
[2019-09-08 09:21:53,870:service.FileInfoService  18@__init__] 워크캐쉬: {}
[2019-09-08 09:21:53,870:service.FileInfoService  19@__init__] 패스:D:\내사진\Album 2019\190112-우에노,북이름:190112-우에노
[2019-09-08 09:21:53,871:service.requestHandler  54@_make_log] request:<Request 'http://127.0.0.1:5000/album/remove' [POST]>
[2019-09-08 09:21:53,871:service.requestHandler  55@_make_log] full path:D:\내사진\Album 2019\190112-우에노
[2019-09-08 09:21:53,871:service.requestHandler  56@_make_log] options:{'reqFileHandling': True}
[2019-09-08 09:21:53,872:service.FileInfoService 172@remove] 삭제 {'HQ': False, 'KO': False, 'KW': [], 'ME': False, 'album': '190112-우에노', 'filename': 'IMG_20190113_120521_rotate.jpg', 'memo': '', 'place': '', 'size': 538434}
[2019-09-08 09:21:58,814:service.FileInfoService  18@__init__] 워크캐쉬: {}
[2019-09-08 09:21:58,814:service.FileInfoService  19@__init__] 패스:D:\내사진\Album 2019\190112-우에노,북이름:190112-우에노
[2019-09-08 09:21:58,814:service.requestHandler  54@_make_log] request:<Request 'http://127.0.0.1:5000/album/remove' [POST]>
[2019-09-08 09:21:58,815:service.requestHandler  55@_make_log] full path:D:\내사진\Album 2019\190112-우에노
[2019-09-08 09:21:58,815:service.requestHandler  56@_make_log] options:{'reqFileHandling': True}
[2019-09-08 09:21:58,815:service.FileInfoService 172@remove] 삭제 {'HQ': False, 'KO': False, 'KW': [], 'ME': False, 'album': '190112-우에노', 'filename': 'IMG_20190113_120521_quality.jpg', 'memo': '', 'place': '', 'size': 497166}
[2019-09-08 09:22:06,782:service.FileInfoService  18@__init__] 워크캐쉬: {}
[2019-09-08 09:22:06,783:service.FileInfoService  19@__init__] 패스:D:\내사진\Album 2019\190112-우에노,북이름:190112-우에노
[2019-09-08 09:22:06,783:service.requestHandler  54@_make_log] request:<Request 'http://127.0.0.1:5000/album/remove' [POST]>
[2019-09-08 09:22:06,783:service.requestHandler  55@_make_log] full path:D:\내사진\Album 2019\190112-우에노
[2019-09-08 09:22:06,783:service.requestHandler  56@_make_log] options:{'reqFileHandling': True}
[2019-09-08 09:22:06,784:service.FileInfoService 172@remove] 삭제 {'HQ': False, 'KO': False, 'KW': [], 'ME': False, 'album': '190112-우에노', 'filename': 'IMG_20190112_132548_rotate.jpg', 'memo': '', 'place': '', 'size': 3639020}
[2019-09-08 09:28:34,276:service.FileInfoService  18@__init__] 워크캐쉬: {}
[2019-09-08 09:28:34,276:service.FileInfoService  19@__init__] 패스:D:\내사진\Album 2019\190112-우에노,북이름:190112-우에노
[2019-09-08 09:28:35,578:service.requestHandler  54@_make_log] request:<Request 'http://127.0.0.1:5000/album' [POST]>
[2019-09-08 09:28:35,579:service.requestHandler  55@_make_log] full path:D:\내사진\Album 2019\190112-우에노
[2019-09-08 09:28:35,598:service.requestHandler  56@_make_log] options:{'reqFileHandling': True}
[2019-09-08 09:29:00,085:service.FileInfoService  18@__init__] 워크캐쉬: {}
[2019-09-08 09:29:00,086:service.FileInfoService  19@__init__] 패스:D:\내사진\Album 2019\190112-우에노,북이름:190112-우에노
[2019-09-08 09:29:00,086:service.requestHandler  54@_make_log] request:<Request 'http://127.0.0.1:5000/album/remove' [POST]>
[2019-09-08 09:29:00,087:service.requestHandler  55@_make_log] full path:D:\내사진\Album 2019\190112-우에노
[2019-09-08 09:29:00,087:service.requestHandler  56@_make_log] options:{'reqFileHandling': True}
[2019-09-08 09:30:18,184:service.FileInfoService  18@__init__] 워크캐쉬: {}
[2019-09-08 09:30:18,184:service.FileInfoService  19@__init__] 패스:D:\내사진\Album 2019\190112-우에노,북이름:190112-우에노
[2019-09-08 09:30:18,482:service.requestHandler  54@_make_log] request:<Request 'http://127.0.0.1:5000/album/remove' [POST]>
[2019-09-08 09:30:18,482:service.requestHandler  55@_make_log] full path:D:\내사진\Album 2019\190112-우에노
[2019-09-08 09:30:18,482:service.requestHandler  56@_make_log] options:{'reqFileHandling': True}
[2019-09-08 09:30:18,490:service.FileInfoService 175@remove] 삭제 {'HQ': False, 'KO': False, 'KW': [], 'ME': False, 'album': '190112-우에노', 'filename': 'IMG_20190113_120521_quality_rotate.jpg', 'memo': '', 'place': '', 'size': 1260418}
[2019-09-08 09:30:25,058:service.FileInfoService  18@__init__] 워크캐쉬: {}
[2019-09-08 09:30:25,058:service.FileInfoService  19@__init__] 패스:D:\내사진\Album 2019\190112-우에노,북이름:190112-우에노
[2019-09-08 09:30:25,059:service.requestHandler  54@_make_log] request:<Request 'http://127.0.0.1:5000/album' [POST]>
[2019-09-08 09:30:25,059:service.requestHandler  55@_make_log] full path:D:\내사진\Album 2019\190112-우에노
[2019-09-08 09:30:25,059:service.requestHandler  56@_make_log] options:{'reqFileHandling': True}
[2019-09-08 09:30:34,771:service.FileInfoService  18@__init__] 워크캐쉬: {}
[2019-09-08 09:30:34,771:service.FileInfoService  19@__init__] 패스:D:\내사진\Album 2019\190112-우에노,북이름:190112-우에노
[2019-09-08 09:30:34,772:service.requestHandler  54@_make_log] request:<Request 'http://127.0.0.1:5000/album/remove' [POST]>
[2019-09-08 09:30:34,772:service.requestHandler  55@_make_log] full path:D:\내사진\Album 2019\190112-우에노
[2019-09-08 09:30:34,772:service.requestHandler  56@_make_log] options:{'reqFileHandling': True}
[2019-09-08 09:30:34,773:service.FileInfoService 175@remove] 삭제 {'HQ': False, 'KO': False, 'KW': [], 'ME': False, 'album': '190112-우에노', 'filename': 'IMG_20190113_120521_rotate_quality.jpg', 'memo': '', 'place': '', 'size': 569705}
[2019-09-08 09:30:39,148:service.FileInfoService  18@__init__] 워크캐쉬: {}
[2019-09-08 09:30:39,148:service.FileInfoService  19@__init__] 패스:D:\내사진\Album 2019\190112-우에노,북이름:190112-우에노
[2019-09-08 09:30:39,149:service.requestHandler  54@_make_log] request:<Request 'http://127.0.0.1:5000/album/remove' [POST]>
[2019-09-08 09:30:39,149:service.requestHandler  55@_make_log] full path:D:\내사진\Album 2019\190112-우에노
[2019-09-08 09:30:39,149:service.requestHandler  56@_make_log] options:{'reqFileHandling': True}
[2019-09-08 09:30:39,151:service.FileInfoService 175@remove] 삭제 {'HQ': False, 'KO': False, 'KW': [], 'ME': False, 'album': '190112-우에노', 'filename': 'IMG_20190113_120521_rotate.jpg', 'memo': '', 'place': '', 'size': 538434}
[2019-09-08 09:30:44,537:service.FileInfoService  18@__init__] 워크캐쉬: {}
[2019-09-08 09:30:44,537:service.FileInfoService  19@__init__] 패스:D:\내사진\Album 2019\190112-우에노,북이름:190112-우에노
[2019-09-08 09:30:44,538:service.requestHandler  54@_make_log] request:<Request 'http://127.0.0.1:5000/album/remove' [POST]>
[2019-09-08 09:30:44,538:service.requestHandler  55@_make_log] full path:D:\내사진\Album 2019\190112-우에노
[2019-09-08 09:30:44,538:service.requestHandler  56@_make_log] options:{'reqFileHandling': True}
[2019-09-08 09:30:44,540:service.FileInfoService 175@remove] 삭제 {'HQ': False, 'KO': False, 'KW': [], 'ME': False, 'album': '190112-우에노', 'filename': 'IMG_20190113_120521_quality.jpg', 'memo': '', 'place': '', 'size': 497166}
[2019-09-08 09:30:47,828:service.FileInfoService  18@__init__] 워크캐쉬: {}
[2019-09-08 09:30:47,828:service.FileInfoService  19@__init__] 패스:D:\내사진\Album 2019\190112-우에노,북이름:190112-우에노
[2019-09-08 09:30:47,828:service.requestHandler  54@_make_log] request:<Request 'http://127.0.0.1:5000/album' [POST]>
[2019-09-08 09:30:47,829:service.requestHandler  55@_make_log] full path:D:\내사진\Album 2019\190112-우에노
[2019-09-08 09:30:47,830:service.requestHandler  56@_make_log] options:{'reqFileHandling': True}
[2019-09-08 09:30:56,091:service.FileInfoService  18@__init__] 워크캐쉬: {}
[2019-09-08 09:30:56,092:service.FileInfoService  19@__init__] 패스:D:\내사진\Album 2019\190112-우에노,북이름:190112-우에노
[2019-09-08 09:30:56,092:service.requestHandler  54@_make_log] request:<Request 'http://127.0.0.1:5000/album/remove' [POST]>
[2019-09-08 09:30:56,092:service.requestHandler  55@_make_log] full path:D:\내사진\Album 2019\190112-우에노
[2019-09-08 09:30:56,093:service.requestHandler  56@_make_log] options:{'reqFileHandling': True}
[2019-09-08 09:30:56,121:service.FileInfoService 175@remove] 삭제 {'HQ': False, 'KO': False, 'KW': [], 'ME': False, 'album': '190112-우에노', 'filename': 'IMG_20190112_132548_rotate.jpg', 'memo': '', 'place': '', 'size': 3639020}
[2019-09-08 09:30:57,768:service.FileInfoService  18@__init__] 워크캐쉬: {}
[2019-09-08 09:30:57,768:service.FileInfoService  19@__init__] 패스:D:\내사진\Album 2019\190112-우에노,북이름:190112-우에노
[2019-09-08 09:30:57,768:service.requestHandler  54@_make_log] request:<Request 'http://127.0.0.1:5000/album' [POST]>
[2019-09-08 09:30:57,769:service.requestHandler  55@_make_log] full path:D:\내사진\Album 2019\190112-우에노
[2019-09-08 09:30:57,769:service.requestHandler  56@_make_log] options:{'reqFileHandling': True}
