[2019-09-15 07:56:48,717:saveToExcel  22@getAllData] 1.test,테스트
[2019-09-15 07:56:48,726:saveToExcel  98@getData] 2.['테스트하다', '시험보다']
[2019-09-15 07:56:48,727:saveToExcel 106@getData] 3.['테스트', '시험']
[2019-09-15 07:56:48,727:saveToExcel  22@getAllData] 1.test2,테스트2
[2019-09-15 07:56:48,728:saveToExcel  98@getData] 2.['시험보다']
[2019-09-15 07:56:48,728:saveToExcel 106@getData] 3.['시험']
[2019-09-15 07:56:48,729:saveToExcel  22@getAllData] 1.hello,안녕
[2019-09-15 07:56:48,729:saveToExcel  98@getData] 2.[]
[2019-09-15 07:56:48,729:saveToExcel 106@getData] 3.[]
[2019-09-15 07:56:48,746:saveToExcel  22@getAllData] 1.new_word,new_meaning
[2019-09-15 07:56:48,746:saveToExcel  98@getData] 2.['e1']
[2019-09-15 07:56:48,747:saveToExcel 106@getData] 3.['k1']
[2019-09-15 07:56:48,747:saveToExcel  22@getAllData] 1.fighting,싸우자
[2019-09-15 07:56:48,748:saveToExcel  98@getData] 2.['fighting me']
[2019-09-15 07:56:48,748:saveToExcel 106@getData] 3.[]
[2019-09-15 07:56:48,748:saveToExcel  22@getAllData] 1.HI,안녕
[2019-09-15 07:56:48,749:saveToExcel  98@getData] 2.['Hi']
[2019-09-15 07:56:48,749:saveToExcel 106@getData] 3.['인사말']
[2019-09-15 07:56:48,750:saveToExcel  28@getAllData] Excel data: [{'index': 1, 'category': 'word1', 'word': 'test', 'meaning': '테스트', 'examples': ['테스트하다', '시험보다'], 'keywords': ['테스트', '시험']}, {'index': 2, 'category': 'word', 'word': 'test2', 'meaning': '테스트2', 'examples': ['시험보다'], 'keywords': ['시험']}, {'index': 3, 'category': 'word2', 'word': 'hello', 'meaning': '안녕', 'examples': [], 'keywords': []}, {'index': 4, 'category': 'word2', 'word': 'new_word', 'meaning': 'new_meaning', 'examples': ['e1'], 'keywords': ['k1']}, {'index': 5, 'category': 'word2', 'word': 'fighting', 'meaning': '싸우자', 'examples': ['fighting me'], 'keywords': []}, {'index': 6, 'category': 'word1', 'word': 'HI', 'meaning': '안녕', 'examples': ['Hi'], 'keywords': ['인사말']}]
[2019-09-15 07:59:48,661:saveToExcel  22@getAllData] 1.test,테스트
[2019-09-15 07:59:48,662:saveToExcel  98@getData] 2.['테스트하다', '시험보다']
[2019-09-15 07:59:48,662:saveToExcel 106@getData] 3.['테스트', '시험']
[2019-09-15 07:59:48,663:saveToExcel  22@getAllData] 1.test2,테스트2
[2019-09-15 07:59:48,664:saveToExcel  98@getData] 2.['시험보다']
[2019-09-15 07:59:48,664:saveToExcel 106@getData] 3.['시험']
[2019-09-15 07:59:48,665:saveToExcel  22@getAllData] 1.hello,안녕
[2019-09-15 07:59:48,666:saveToExcel  98@getData] 2.[]
[2019-09-15 07:59:48,666:saveToExcel 106@getData] 3.[]
[2019-09-15 07:59:48,667:saveToExcel  22@getAllData] 1.new_word,new_meaning
[2019-09-15 07:59:48,667:saveToExcel  98@getData] 2.['e1']
[2019-09-15 07:59:48,668:saveToExcel 106@getData] 3.['k1']
[2019-09-15 07:59:48,669:saveToExcel  22@getAllData] 1.fighting,싸우자
[2019-09-15 07:59:48,669:saveToExcel  98@getData] 2.['fighting me']
[2019-09-15 07:59:48,670:saveToExcel 106@getData] 3.[]
[2019-09-15 07:59:48,670:saveToExcel  22@getAllData] 1.HI,안녕
[2019-09-15 07:59:48,671:saveToExcel  98@getData] 2.['Hi']
[2019-09-15 07:59:48,672:saveToExcel 106@getData] 3.['인사말']
[2019-09-15 07:59:48,672:saveToExcel  28@getAllData] Excel data: [{'index': 1, 'category': 'word1', 'word': 'test', 'meaning': '테스트', 'examples': ['테스트하다', '시험보다'], 'keywords': ['테스트', '시험']}, {'index': 2, 'category': 'word', 'word': 'test2', 'meaning': '테스트2', 'examples': ['시험보다'], 'keywords': ['시험']}, {'index': 3, 'category': 'word2', 'word': 'hello', 'meaning': '안녕', 'examples': [], 'keywords': []}, {'index': 4, 'category': 'word2', 'word': 'new_word', 'meaning': 'new_meaning', 'examples': ['e1'], 'keywords': ['k1']}, {'index': 5, 'category': 'word2', 'word': 'fighting', 'meaning': '싸우자', 'examples': ['fighting me'], 'keywords': []}, {'index': 6, 'category': 'word1', 'word': 'HI', 'meaning': '안녕', 'examples': ['Hi'], 'keywords': ['인사말']}]
[2019-09-15 08:03:28,025:saveToExcel  22@getAllData] 1.test,테스트
[2019-09-15 08:03:28,026:saveToExcel  98@getData] 2.['테스트하다', '시험보다']
[2019-09-15 08:03:28,026:saveToExcel 106@getData] 3.['테스트', '시험']
[2019-09-15 08:03:28,027:saveToExcel  22@getAllData] 1.test2,테스트2
[2019-09-15 08:03:28,027:saveToExcel  98@getData] 2.['시험보다']
[2019-09-15 08:03:28,027:saveToExcel 106@getData] 3.['시험']
[2019-09-15 08:03:28,028:saveToExcel  22@getAllData] 1.hello,안녕
[2019-09-15 08:03:28,028:saveToExcel  98@getData] 2.[]
[2019-09-15 08:03:28,029:saveToExcel 106@getData] 3.[]
[2019-09-15 08:03:28,029:saveToExcel  22@getAllData] 1.new_word,new_meaning
[2019-09-15 08:03:28,030:saveToExcel  98@getData] 2.['e1']
[2019-09-15 08:03:28,030:saveToExcel 106@getData] 3.['k1']
[2019-09-15 08:03:28,030:saveToExcel  22@getAllData] 1.fighting,싸우자
[2019-09-15 08:03:28,031:saveToExcel  98@getData] 2.['fighting me']
[2019-09-15 08:03:28,031:saveToExcel 106@getData] 3.[]
[2019-09-15 08:03:28,031:saveToExcel  22@getAllData] 1.HI,안녕
[2019-09-15 08:03:28,032:saveToExcel  98@getData] 2.['Hi']
[2019-09-15 08:03:28,032:saveToExcel 106@getData] 3.['인사말']
[2019-09-15 08:03:28,033:saveToExcel  28@getAllData] Excel data: [{'index': 1, 'category': 'word1', 'word': 'test', 'meaning': '테스트', 'examples': ['테스트하다', '시험보다'], 'keywords': ['테스트', '시험']}, {'index': 2, 'category': 'word', 'word': 'test2', 'meaning': '테스트2', 'examples': ['시험보다'], 'keywords': ['시험']}, {'index': 3, 'category': 'word2', 'word': 'hello', 'meaning': '안녕', 'examples': [], 'keywords': []}, {'index': 4, 'category': 'word2', 'word': 'new_word', 'meaning': 'new_meaning', 'examples': ['e1'], 'keywords': ['k1']}, {'index': 5, 'category': 'word2', 'word': 'fighting', 'meaning': '싸우자', 'examples': ['fighting me'], 'keywords': []}, {'index': 6, 'category': 'word1', 'word': 'HI', 'meaning': '안녕', 'examples': ['Hi'], 'keywords': ['인사말']}]
[2019-09-15 08:16:58,607:saveToExcel  22@getAllData] 1.test,테스트
[2019-09-15 08:16:58,607:saveToExcel  98@getData] 2.['테스트하다', '시험보다']
[2019-09-15 08:16:58,608:saveToExcel 106@getData] 3.['테스트', '시험']
[2019-09-15 08:16:58,608:saveToExcel  22@getAllData] 1.test2,테스트2
[2019-09-15 08:16:58,609:saveToExcel  98@getData] 2.['시험보다']
[2019-09-15 08:16:58,609:saveToExcel 106@getData] 3.['시험']
[2019-09-15 08:16:58,610:saveToExcel  22@getAllData] 1.hello,안녕
[2019-09-15 08:16:58,610:saveToExcel  98@getData] 2.[]
[2019-09-15 08:16:58,611:saveToExcel 106@getData] 3.[]
[2019-09-15 08:16:58,611:saveToExcel  22@getAllData] 1.new_word,new_meaning
[2019-09-15 08:16:58,611:saveToExcel  98@getData] 2.['e1']
[2019-09-15 08:16:58,612:saveToExcel 106@getData] 3.['k1']
[2019-09-15 08:16:58,612:saveToExcel  22@getAllData] 1.fighting,싸우자
[2019-09-15 08:16:58,613:saveToExcel  98@getData] 2.['fighting me']
[2019-09-15 08:16:58,613:saveToExcel 106@getData] 3.[]
[2019-09-15 08:16:58,613:saveToExcel  22@getAllData] 1.HI,안녕
[2019-09-15 08:16:58,614:saveToExcel  98@getData] 2.['Hi']
[2019-09-15 08:16:58,614:saveToExcel 106@getData] 3.['인사말']
[2019-09-15 08:16:58,615:saveToExcel  28@getAllData] Excel data: [{'index': 1, 'category': 'word1', 'word': 'test', 'meaning': '테스트', 'examples': ['테스트하다', '시험보다'], 'keywords': ['테스트', '시험']}, {'index': 2, 'category': 'word', 'word': 'test2', 'meaning': '테스트2', 'examples': ['시험보다'], 'keywords': ['시험']}, {'index': 3, 'category': 'word2', 'word': 'hello', 'meaning': '안녕', 'examples': [], 'keywords': []}, {'index': 4, 'category': 'word2', 'word': 'new_word', 'meaning': 'new_meaning', 'examples': ['e1'], 'keywords': ['k1']}, {'index': 5, 'category': 'word2', 'word': 'fighting', 'meaning': '싸우자', 'examples': ['fighting me'], 'keywords': []}, {'index': 6, 'category': 'word1', 'word': 'HI', 'meaning': '안녕', 'examples': ['Hi'], 'keywords': ['인사말']}]
[2019-09-15 08:19:19,751:saveToExcel  22@getAllData] 1.test,테스트
[2019-09-15 08:19:19,752:saveToExcel  98@getData] 2.['테스트하다', '시험보다']
[2019-09-15 08:19:19,753:saveToExcel 106@getData] 3.['테스트', '시험']
[2019-09-15 08:19:19,754:saveToExcel  22@getAllData] 1.test2,테스트2
[2019-09-15 08:19:19,754:saveToExcel  98@getData] 2.['시험보다']
[2019-09-15 08:19:19,755:saveToExcel 106@getData] 3.['시험']
[2019-09-15 08:19:19,756:saveToExcel  22@getAllData] 1.hello,안녕
[2019-09-15 08:19:19,756:saveToExcel  98@getData] 2.[]
[2019-09-15 08:19:19,757:saveToExcel 106@getData] 3.[]
[2019-09-15 08:19:19,757:saveToExcel  22@getAllData] 1.new_word,new_meaning
[2019-09-15 08:19:19,758:saveToExcel  98@getData] 2.['e1']
[2019-09-15 08:19:19,759:saveToExcel 106@getData] 3.['k1']
[2019-09-15 08:19:19,759:saveToExcel  22@getAllData] 1.fighting,싸우자
[2019-09-15 08:19:19,760:saveToExcel  98@getData] 2.['fighting me']
[2019-09-15 08:19:19,761:saveToExcel 106@getData] 3.[]
[2019-09-15 08:19:19,762:saveToExcel  22@getAllData] 1.HI,안녕
[2019-09-15 08:19:19,763:saveToExcel  98@getData] 2.['Hi']
[2019-09-15 08:19:19,763:saveToExcel 106@getData] 3.['인사말']
[2019-09-15 08:19:19,764:saveToExcel  28@getAllData] Excel data: [{'index': 1, 'category': 'word1', 'word': 'test', 'meaning': '테스트', 'examples': ['테스트하다', '시험보다'], 'keywords': ['테스트', '시험']}, {'index': 2, 'category': 'word', 'word': 'test2', 'meaning': '테스트2', 'examples': ['시험보다'], 'keywords': ['시험']}, {'index': 3, 'category': 'word2', 'word': 'hello', 'meaning': '안녕', 'examples': [], 'keywords': []}, {'index': 4, 'category': 'word2', 'word': 'new_word', 'meaning': 'new_meaning', 'examples': ['e1'], 'keywords': ['k1']}, {'index': 5, 'category': 'word2', 'word': 'fighting', 'meaning': '싸우자', 'examples': ['fighting me'], 'keywords': []}, {'index': 6, 'category': 'word1', 'word': 'HI', 'meaning': '안녕', 'examples': ['Hi'], 'keywords': ['인사말']}]
[2019-09-15 08:20:31,914:saveToExcel  22@getAllData] 1.test,테스트
[2019-09-15 08:20:31,915:saveToExcel  98@getData] 2.['테스트하다', '시험보다']
[2019-09-15 08:20:31,916:saveToExcel 106@getData] 3.['테스트', '시험']
[2019-09-15 08:20:31,916:saveToExcel  22@getAllData] 1.test2,테스트2
[2019-09-15 08:20:31,917:saveToExcel  98@getData] 2.['시험보다']
[2019-09-15 08:20:31,918:saveToExcel 106@getData] 3.['시험']
[2019-09-15 08:20:31,918:saveToExcel  22@getAllData] 1.hello,안녕
[2019-09-15 08:20:31,919:saveToExcel  98@getData] 2.[]
[2019-09-15 08:20:31,920:saveToExcel 106@getData] 3.[]
[2019-09-15 08:20:31,921:saveToExcel  22@getAllData] 1.new_word,new_meaning
[2019-09-15 08:20:31,922:saveToExcel  98@getData] 2.['e1']
[2019-09-15 08:20:31,922:saveToExcel 106@getData] 3.['k1']
[2019-09-15 08:20:31,923:saveToExcel  22@getAllData] 1.fighting,싸우자
[2019-09-15 08:20:31,924:saveToExcel  98@getData] 2.['fighting me']
[2019-09-15 08:20:31,928:saveToExcel 106@getData] 3.[]
[2019-09-15 08:20:31,929:saveToExcel  22@getAllData] 1.HI,안녕
[2019-09-15 08:20:31,930:saveToExcel  98@getData] 2.['Hi']
[2019-09-15 08:20:31,931:saveToExcel 106@getData] 3.['인사말']
[2019-09-15 08:20:31,932:saveToExcel  28@getAllData] Excel data: [{'index': 1, 'category': 'word1', 'word': 'test', 'meaning': '테스트', 'examples': ['테스트하다', '시험보다'], 'keywords': ['테스트', '시험']}, {'index': 2, 'category': 'word', 'word': 'test2', 'meaning': '테스트2', 'examples': ['시험보다'], 'keywords': ['시험']}, {'index': 3, 'category': 'word2', 'word': 'hello', 'meaning': '안녕', 'examples': [], 'keywords': []}, {'index': 4, 'category': 'word2', 'word': 'new_word', 'meaning': 'new_meaning', 'examples': ['e1'], 'keywords': ['k1']}, {'index': 5, 'category': 'word2', 'word': 'fighting', 'meaning': '싸우자', 'examples': ['fighting me'], 'keywords': []}, {'index': 6, 'category': 'word1', 'word': 'HI', 'meaning': '안녕', 'examples': ['Hi'], 'keywords': ['인사말']}]
[2019-09-15 08:20:45,452:saveToExcel  22@getAllData] 1.test,테스트
[2019-09-15 08:20:45,453:saveToExcel  98@getData] 2.['테스트하다', '시험보다']
[2019-09-15 08:20:45,454:saveToExcel 106@getData] 3.['테스트', '시험']
[2019-09-15 08:20:45,454:saveToExcel  22@getAllData] 1.test2,테스트2
[2019-09-15 08:20:45,455:saveToExcel  98@getData] 2.['시험보다']
[2019-09-15 08:20:45,456:saveToExcel 106@getData] 3.['시험']
[2019-09-15 08:20:45,458:saveToExcel  22@getAllData] 1.hello,안녕
[2019-09-15 08:20:45,459:saveToExcel  98@getData] 2.[]
[2019-09-15 08:20:45,461:saveToExcel 106@getData] 3.[]
[2019-09-15 08:20:45,461:saveToExcel  22@getAllData] 1.new_word,new_meaning
[2019-09-15 08:20:45,462:saveToExcel  98@getData] 2.['e1']
[2019-09-15 08:20:45,463:saveToExcel 106@getData] 3.['k1']
[2019-09-15 08:20:45,464:saveToExcel  22@getAllData] 1.fighting,싸우자
[2019-09-15 08:20:45,468:saveToExcel  98@getData] 2.['fighting me']
[2019-09-15 08:20:45,469:saveToExcel 106@getData] 3.[]
[2019-09-15 08:20:45,470:saveToExcel  22@getAllData] 1.HI,안녕
[2019-09-15 08:20:45,470:saveToExcel  98@getData] 2.['Hi']
[2019-09-15 08:20:45,471:saveToExcel 106@getData] 3.['인사말']
[2019-09-15 08:20:45,472:saveToExcel  28@getAllData] Excel data: [{'index': 1, 'category': 'word1', 'word': 'test', 'meaning': '테스트', 'examples': ['테스트하다', '시험보다'], 'keywords': ['테스트', '시험']}, {'index': 2, 'category': 'word', 'word': 'test2', 'meaning': '테스트2', 'examples': ['시험보다'], 'keywords': ['시험']}, {'index': 3, 'category': 'word2', 'word': 'hello', 'meaning': '안녕', 'examples': [], 'keywords': []}, {'index': 4, 'category': 'word2', 'word': 'new_word', 'meaning': 'new_meaning', 'examples': ['e1'], 'keywords': ['k1']}, {'index': 5, 'category': 'word2', 'word': 'fighting', 'meaning': '싸우자', 'examples': ['fighting me'], 'keywords': []}, {'index': 6, 'category': 'word1', 'word': 'HI', 'meaning': '안녕', 'examples': ['Hi'], 'keywords': ['인사말']}]
[2019-09-15 08:22:34,185:saveToExcel  22@getAllData] 1.test,테스트
[2019-09-15 08:22:34,187:saveToExcel  98@getData] 2.['테스트하다', '시험보다']
[2019-09-15 08:22:34,188:saveToExcel 106@getData] 3.['테스트', '시험']
[2019-09-15 08:22:34,188:saveToExcel  22@getAllData] 1.test2,테스트2
[2019-09-15 08:22:34,189:saveToExcel  98@getData] 2.['시험보다']
[2019-09-15 08:22:34,190:saveToExcel 106@getData] 3.['시험']
[2019-09-15 08:22:34,190:saveToExcel  22@getAllData] 1.hello,안녕
[2019-09-15 08:22:34,191:saveToExcel  98@getData] 2.[]
[2019-09-15 08:22:34,191:saveToExcel 106@getData] 3.[]
[2019-09-15 08:22:34,192:saveToExcel  22@getAllData] 1.new_word,new_meaning
[2019-09-15 08:22:34,192:saveToExcel  98@getData] 2.['e1']
[2019-09-15 08:22:34,193:saveToExcel 106@getData] 3.['k1']
[2019-09-15 08:22:34,193:saveToExcel  22@getAllData] 1.fighting,싸우자
[2019-09-15 08:22:34,194:saveToExcel  98@getData] 2.['fighting me']
[2019-09-15 08:22:34,194:saveToExcel 106@getData] 3.[]
[2019-09-15 08:22:34,195:saveToExcel  22@getAllData] 1.HI,안녕
[2019-09-15 08:22:34,195:saveToExcel  98@getData] 2.['Hi']
[2019-09-15 08:22:34,196:saveToExcel 106@getData] 3.['인사말']
[2019-09-15 08:22:34,197:saveToExcel  28@getAllData] Excel data: [{'index': 1, 'category': 'word1', 'word': 'test', 'meaning': '테스트', 'examples': ['테스트하다', '시험보다'], 'keywords': ['테스트', '시험']}, {'index': 2, 'category': 'word', 'word': 'test2', 'meaning': '테스트2', 'examples': ['시험보다'], 'keywords': ['시험']}, {'index': 3, 'category': 'word2', 'word': 'hello', 'meaning': '안녕', 'examples': [], 'keywords': []}, {'index': 4, 'category': 'word2', 'word': 'new_word', 'meaning': 'new_meaning', 'examples': ['e1'], 'keywords': ['k1']}, {'index': 5, 'category': 'word2', 'word': 'fighting', 'meaning': '싸우자', 'examples': ['fighting me'], 'keywords': []}, {'index': 6, 'category': 'word1', 'word': 'HI', 'meaning': '안녕', 'examples': ['Hi'], 'keywords': ['인사말']}]
[2019-09-15 08:23:15,429:saveToExcel  22@getAllData] 1.test,테스트
[2019-09-15 08:23:15,429:saveToExcel  98@getData] 2.['테스트하다', '시험보다']
[2019-09-15 08:23:15,430:saveToExcel 106@getData] 3.['테스트', '시험']
[2019-09-15 08:23:15,432:saveToExcel  22@getAllData] 1.test2,테스트2
[2019-09-15 08:23:15,432:saveToExcel  98@getData] 2.['시험보다']
[2019-09-15 08:23:15,433:saveToExcel 106@getData] 3.['시험']
[2019-09-15 08:23:15,434:saveToExcel  22@getAllData] 1.hello,안녕
[2019-09-15 08:23:15,434:saveToExcel  98@getData] 2.[]
[2019-09-15 08:23:15,435:saveToExcel 106@getData] 3.[]
[2019-09-15 08:23:15,436:saveToExcel  22@getAllData] 1.new_word,new_meaning
[2019-09-15 08:23:15,462:saveToExcel  98@getData] 2.['e1']
[2019-09-15 08:23:15,463:saveToExcel 106@getData] 3.['k1']
[2019-09-15 08:23:15,463:saveToExcel  22@getAllData] 1.fighting,싸우자
[2019-09-15 08:23:15,464:saveToExcel  98@getData] 2.['fighting me']
[2019-09-15 08:23:15,465:saveToExcel 106@getData] 3.[]
[2019-09-15 08:23:15,465:saveToExcel  22@getAllData] 1.HI,안녕
[2019-09-15 08:23:15,466:saveToExcel  98@getData] 2.['Hi']
[2019-09-15 08:23:15,466:saveToExcel 106@getData] 3.['인사말']
[2019-09-15 08:23:15,467:saveToExcel  28@getAllData] Excel data: [{'index': 1, 'category': 'word1', 'word': 'test', 'meaning': '테스트', 'examples': ['테스트하다', '시험보다'], 'keywords': ['테스트', '시험']}, {'index': 2, 'category': 'word', 'word': 'test2', 'meaning': '테스트2', 'examples': ['시험보다'], 'keywords': ['시험']}, {'index': 3, 'category': 'word2', 'word': 'hello', 'meaning': '안녕', 'examples': [], 'keywords': []}, {'index': 4, 'category': 'word2', 'word': 'new_word', 'meaning': 'new_meaning', 'examples': ['e1'], 'keywords': ['k1']}, {'index': 5, 'category': 'word2', 'word': 'fighting', 'meaning': '싸우자', 'examples': ['fighting me'], 'keywords': []}, {'index': 6, 'category': 'word1', 'word': 'HI', 'meaning': '안녕', 'examples': ['Hi'], 'keywords': ['인사말']}]
[2019-09-15 08:27:53,140:saveToExcel  22@getAllData] 1.test,테스트
[2019-09-15 08:27:53,142:saveToExcel  98@getData] 2.['테스트하다', '시험보다']
[2019-09-15 08:27:53,142:saveToExcel 106@getData] 3.['테스트', '시험']
[2019-09-15 08:27:53,143:saveToExcel  22@getAllData] 1.test2,테스트2
[2019-09-15 08:27:53,144:saveToExcel  98@getData] 2.['시험보다']
[2019-09-15 08:27:53,144:saveToExcel 106@getData] 3.['시험']
[2019-09-15 08:27:53,144:saveToExcel  22@getAllData] 1.hello,안녕
[2019-09-15 08:27:53,145:saveToExcel  98@getData] 2.[]
[2019-09-15 08:27:53,145:saveToExcel 106@getData] 3.[]
[2019-09-15 08:27:53,146:saveToExcel  22@getAllData] 1.new_word,new_meaning
[2019-09-15 08:27:53,146:saveToExcel  98@getData] 2.['e1']
[2019-09-15 08:27:53,147:saveToExcel 106@getData] 3.['k1']
[2019-09-15 08:27:53,147:saveToExcel  22@getAllData] 1.fighting,싸우자
[2019-09-15 08:27:53,148:saveToExcel  98@getData] 2.['fighting me']
[2019-09-15 08:27:53,148:saveToExcel 106@getData] 3.[]
[2019-09-15 08:27:53,149:saveToExcel  22@getAllData] 1.HI,안녕
[2019-09-15 08:27:53,149:saveToExcel  98@getData] 2.['Hi']
[2019-09-15 08:27:53,150:saveToExcel 106@getData] 3.['인사말']
[2019-09-15 08:27:53,150:saveToExcel  28@getAllData] Excel data: [{'index': 1, 'category': 'word1', 'word': 'test', 'meaning': '테스트', 'examples': ['테스트하다', '시험보다'], 'keywords': ['테스트', '시험']}, {'index': 2, 'category': 'word', 'word': 'test2', 'meaning': '테스트2', 'examples': ['시험보다'], 'keywords': ['시험']}, {'index': 3, 'category': 'word2', 'word': 'hello', 'meaning': '안녕', 'examples': [], 'keywords': []}, {'index': 4, 'category': 'word2', 'word': 'new_word', 'meaning': 'new_meaning', 'examples': ['e1'], 'keywords': ['k1']}, {'index': 5, 'category': 'word2', 'word': 'fighting', 'meaning': '싸우자', 'examples': ['fighting me'], 'keywords': []}, {'index': 6, 'category': 'word1', 'word': 'HI', 'meaning': '안녕', 'examples': ['Hi'], 'keywords': ['인사말']}]
[2019-09-15 08:28:19,798:saveToExcel  22@getAllData] 1.test,테스트
[2019-09-15 08:28:19,799:saveToExcel  98@getData] 2.['테스트하다', '시험보다']
[2019-09-15 08:28:19,799:saveToExcel 106@getData] 3.['테스트', '시험']
[2019-09-15 08:28:19,800:saveToExcel  22@getAllData] 1.test2,테스트2
[2019-09-15 08:28:19,800:saveToExcel  98@getData] 2.['시험보다']
[2019-09-15 08:28:19,805:saveToExcel 106@getData] 3.['시험']
[2019-09-15 08:28:19,805:saveToExcel  22@getAllData] 1.hello,안녕
[2019-09-15 08:28:19,805:saveToExcel  98@getData] 2.[]
[2019-09-15 08:28:19,806:saveToExcel 106@getData] 3.[]
[2019-09-15 08:28:19,806:saveToExcel  22@getAllData] 1.new_word,new_meaning
[2019-09-15 08:28:19,807:saveToExcel  98@getData] 2.['e1']
[2019-09-15 08:28:19,808:saveToExcel 106@getData] 3.['k1']
[2019-09-15 08:28:19,808:saveToExcel  22@getAllData] 1.fighting,싸우자
[2019-09-15 08:28:19,809:saveToExcel  98@getData] 2.['fighting me']
[2019-09-15 08:28:19,810:saveToExcel 106@getData] 3.[]
[2019-09-15 08:28:19,810:saveToExcel  22@getAllData] 1.HI,안녕
[2019-09-15 08:28:19,811:saveToExcel  98@getData] 2.['Hi']
[2019-09-15 08:28:19,811:saveToExcel 106@getData] 3.['인사말']
[2019-09-15 08:28:19,812:saveToExcel  28@getAllData] Excel data: [{'index': 1, 'category': 'word1', 'word': 'test', 'meaning': '테스트', 'examples': ['테스트하다', '시험보다'], 'keywords': ['테스트', '시험']}, {'index': 2, 'category': 'word', 'word': 'test2', 'meaning': '테스트2', 'examples': ['시험보다'], 'keywords': ['시험']}, {'index': 3, 'category': 'word2', 'word': 'hello', 'meaning': '안녕', 'examples': [], 'keywords': []}, {'index': 4, 'category': 'word2', 'word': 'new_word', 'meaning': 'new_meaning', 'examples': ['e1'], 'keywords': ['k1']}, {'index': 5, 'category': 'word2', 'word': 'fighting', 'meaning': '싸우자', 'examples': ['fighting me'], 'keywords': []}, {'index': 6, 'category': 'word1', 'word': 'HI', 'meaning': '안녕', 'examples': ['Hi'], 'keywords': ['인사말']}]
[2019-09-15 08:37:18,099:saveToExcel  22@getAllData] 1.test,테스트
[2019-09-15 08:37:18,099:saveToExcel  98@getData] 2.['테스트하다', '시험보다']
[2019-09-15 08:37:18,100:saveToExcel 106@getData] 3.['테스트', '시험']
[2019-09-15 08:37:18,101:saveToExcel  22@getAllData] 1.test2,테스트2
[2019-09-15 08:37:18,101:saveToExcel  98@getData] 2.['시험보다']
[2019-09-15 08:37:18,102:saveToExcel 106@getData] 3.['시험']
[2019-09-15 08:37:18,102:saveToExcel  22@getAllData] 1.hello,안녕
[2019-09-15 08:37:18,103:saveToExcel  98@getData] 2.[]
[2019-09-15 08:37:18,104:saveToExcel 106@getData] 3.[]
[2019-09-15 08:37:18,104:saveToExcel  22@getAllData] 1.new_word,new_meaning
[2019-09-15 08:37:18,104:saveToExcel  98@getData] 2.['e1']
[2019-09-15 08:37:18,106:saveToExcel 106@getData] 3.['k1']
[2019-09-15 08:37:18,106:saveToExcel  22@getAllData] 1.fighting,싸우자
[2019-09-15 08:37:18,106:saveToExcel  98@getData] 2.['fighting me']
[2019-09-15 08:37:18,106:saveToExcel 106@getData] 3.[]
[2019-09-15 08:37:18,107:saveToExcel  22@getAllData] 1.HI,안녕
[2019-09-15 08:37:18,107:saveToExcel  98@getData] 2.['Hi']
[2019-09-15 08:37:18,108:saveToExcel 106@getData] 3.['인사말']
[2019-09-15 08:37:18,108:saveToExcel  28@getAllData] Excel data: [{'index': 1, 'category': 'word1', 'word': 'test', 'meaning': '테스트', 'examples': ['테스트하다', '시험보다'], 'keywords': ['테스트', '시험']}, {'index': 2, 'category': 'word', 'word': 'test2', 'meaning': '테스트2', 'examples': ['시험보다'], 'keywords': ['시험']}, {'index': 3, 'category': 'word2', 'word': 'hello', 'meaning': '안녕', 'examples': [], 'keywords': []}, {'index': 4, 'category': 'word2', 'word': 'new_word', 'meaning': 'new_meaning', 'examples': ['e1'], 'keywords': ['k1']}, {'index': 5, 'category': 'word2', 'word': 'fighting', 'meaning': '싸우자', 'examples': ['fighting me'], 'keywords': []}, {'index': 6, 'category': 'word1', 'word': 'HI', 'meaning': '안녕', 'examples': ['Hi'], 'keywords': ['인사말']}]
[2019-09-15 08:37:39,788:saveToExcel  22@getAllData] 1.test,테스트
[2019-09-15 08:37:39,788:saveToExcel  98@getData] 2.['테스트하다', '시험보다']
[2019-09-15 08:37:39,789:saveToExcel 106@getData] 3.['테스트', '시험']
[2019-09-15 08:37:39,790:saveToExcel  22@getAllData] 1.test2,테스트2
[2019-09-15 08:37:39,790:saveToExcel  98@getData] 2.['시험보다']
[2019-09-15 08:37:39,791:saveToExcel 106@getData] 3.['시험']
[2019-09-15 08:37:39,791:saveToExcel  22@getAllData] 1.hello,안녕
[2019-09-15 08:37:39,792:saveToExcel  98@getData] 2.[]
[2019-09-15 08:37:39,792:saveToExcel 106@getData] 3.[]
[2019-09-15 08:37:39,793:saveToExcel  22@getAllData] 1.new_word,new_meaning
[2019-09-15 08:37:39,793:saveToExcel  98@getData] 2.['e1']
[2019-09-15 08:37:39,794:saveToExcel 106@getData] 3.['k1']
[2019-09-15 08:37:39,794:saveToExcel  22@getAllData] 1.fighting,싸우자
[2019-09-15 08:37:39,795:saveToExcel  98@getData] 2.['fighting me']
[2019-09-15 08:37:39,796:saveToExcel 106@getData] 3.[]
[2019-09-15 08:37:39,796:saveToExcel  22@getAllData] 1.HI,안녕
[2019-09-15 08:37:39,797:saveToExcel  98@getData] 2.['Hi']
[2019-09-15 08:37:39,798:saveToExcel 106@getData] 3.['인사말']
[2019-09-15 08:37:39,799:saveToExcel  28@getAllData] Excel data: [{'index': 1, 'category': 'word1', 'word': 'test', 'meaning': '테스트', 'examples': ['테스트하다', '시험보다'], 'keywords': ['테스트', '시험']}, {'index': 2, 'category': 'word', 'word': 'test2', 'meaning': '테스트2', 'examples': ['시험보다'], 'keywords': ['시험']}, {'index': 3, 'category': 'word2', 'word': 'hello', 'meaning': '안녕', 'examples': [], 'keywords': []}, {'index': 4, 'category': 'word2', 'word': 'new_word', 'meaning': 'new_meaning', 'examples': ['e1'], 'keywords': ['k1']}, {'index': 5, 'category': 'word2', 'word': 'fighting', 'meaning': '싸우자', 'examples': ['fighting me'], 'keywords': []}, {'index': 6, 'category': 'word1', 'word': 'HI', 'meaning': '안녕', 'examples': ['Hi'], 'keywords': ['인사말']}]
[2019-09-15 08:40:03,004:saveToExcel  22@getAllData] 1.test,테스트
[2019-09-15 08:40:03,005:saveToExcel  98@getData] 2.['테스트하다', '시험보다']
[2019-09-15 08:40:03,005:saveToExcel 106@getData] 3.['테스트', '시험']
[2019-09-15 08:40:03,005:saveToExcel  22@getAllData] 1.test2,테스트2
[2019-09-15 08:40:03,006:saveToExcel  98@getData] 2.['시험보다']
[2019-09-15 08:40:03,006:saveToExcel 106@getData] 3.['시험']
[2019-09-15 08:40:03,007:saveToExcel  22@getAllData] 1.hello,안녕
[2019-09-15 08:40:03,007:saveToExcel  98@getData] 2.[]
[2019-09-15 08:40:03,008:saveToExcel 106@getData] 3.[]
[2019-09-15 08:40:03,008:saveToExcel  22@getAllData] 1.new_word,new_meaning
[2019-09-15 08:40:03,009:saveToExcel  98@getData] 2.['e1']
[2019-09-15 08:40:03,009:saveToExcel 106@getData] 3.['k1']
[2019-09-15 08:40:03,009:saveToExcel  22@getAllData] 1.fighting,싸우자
[2019-09-15 08:40:03,010:saveToExcel  98@getData] 2.['fighting me']
[2019-09-15 08:40:03,010:saveToExcel 106@getData] 3.[]
[2019-09-15 08:40:03,011:saveToExcel  22@getAllData] 1.HI,안녕
[2019-09-15 08:40:03,011:saveToExcel  98@getData] 2.['Hi']
[2019-09-15 08:40:03,012:saveToExcel 106@getData] 3.['인사말']
[2019-09-15 08:40:03,012:saveToExcel  28@getAllData] Excel data: [{'index': 1, 'category': 'word1', 'word': 'test', 'meaning': '테스트', 'examples': ['테스트하다', '시험보다'], 'keywords': ['테스트', '시험']}, {'index': 2, 'category': 'word', 'word': 'test2', 'meaning': '테스트2', 'examples': ['시험보다'], 'keywords': ['시험']}, {'index': 3, 'category': 'word2', 'word': 'hello', 'meaning': '안녕', 'examples': [], 'keywords': []}, {'index': 4, 'category': 'word2', 'word': 'new_word', 'meaning': 'new_meaning', 'examples': ['e1'], 'keywords': ['k1']}, {'index': 5, 'category': 'word2', 'word': 'fighting', 'meaning': '싸우자', 'examples': ['fighting me'], 'keywords': []}, {'index': 6, 'category': 'word1', 'word': 'HI', 'meaning': '안녕', 'examples': ['Hi'], 'keywords': ['인사말']}]
[2019-09-15 08:43:58,254:saveToExcel  22@getAllData] 1.test,테스트
[2019-09-15 08:43:58,256:saveToExcel  98@getData] 2.['테스트하다', '시험보다']
[2019-09-15 08:43:58,256:saveToExcel 106@getData] 3.['테스트', '시험']
[2019-09-15 08:43:58,257:saveToExcel  22@getAllData] 1.test2,테스트2
[2019-09-15 08:43:58,258:saveToExcel  98@getData] 2.['시험보다']
[2019-09-15 08:43:58,258:saveToExcel 106@getData] 3.['시험']
[2019-09-15 08:43:58,259:saveToExcel  22@getAllData] 1.hello,안녕
[2019-09-15 08:43:58,259:saveToExcel  98@getData] 2.[]
[2019-09-15 08:43:58,260:saveToExcel 106@getData] 3.[]
[2019-09-15 08:43:58,260:saveToExcel  22@getAllData] 1.new_word,new_meaning
[2019-09-15 08:43:58,261:saveToExcel  98@getData] 2.['e1']
[2019-09-15 08:43:58,262:saveToExcel 106@getData] 3.['k1']
[2019-09-15 08:43:58,262:saveToExcel  22@getAllData] 1.fighting,싸우자
[2019-09-15 08:43:58,263:saveToExcel  98@getData] 2.['fighting me']
[2019-09-15 08:43:58,263:saveToExcel 106@getData] 3.[]
[2019-09-15 08:43:58,265:saveToExcel  22@getAllData] 1.HI,안녕
[2019-09-15 08:43:58,275:saveToExcel  98@getData] 2.['Hi']
[2019-09-15 08:43:58,276:saveToExcel 106@getData] 3.['인사말']
[2019-09-15 08:43:58,277:saveToExcel  28@getAllData] Excel data: [{'index': 1, 'category': 'word1', 'word': 'test', 'meaning': '테스트', 'examples': ['테스트하다', '시험보다'], 'keywords': ['테스트', '시험']}, {'index': 2, 'category': 'word', 'word': 'test2', 'meaning': '테스트2', 'examples': ['시험보다'], 'keywords': ['시험']}, {'index': 3, 'category': 'word2', 'word': 'hello', 'meaning': '안녕', 'examples': [], 'keywords': []}, {'index': 4, 'category': 'word2', 'word': 'new_word', 'meaning': 'new_meaning', 'examples': ['e1'], 'keywords': ['k1']}, {'index': 5, 'category': 'word2', 'word': 'fighting', 'meaning': '싸우자', 'examples': ['fighting me'], 'keywords': []}, {'index': 6, 'category': 'word1', 'word': 'HI', 'meaning': '안녕', 'examples': ['Hi'], 'keywords': ['인사말']}]
[2019-09-15 08:45:16,488:saveToExcel  22@getAllData] 1.test,테스트
[2019-09-15 08:45:16,489:saveToExcel  98@getData] 2.['테스트하다', '시험보다']
[2019-09-15 08:45:16,489:saveToExcel 106@getData] 3.['테스트', '시험']
[2019-09-15 08:45:16,489:saveToExcel  22@getAllData] 1.test2,테스트2
[2019-09-15 08:45:16,490:saveToExcel  98@getData] 2.['시험보다']
[2019-09-15 08:45:16,490:saveToExcel 106@getData] 3.['시험']
[2019-09-15 08:45:16,491:saveToExcel  22@getAllData] 1.hello,안녕
[2019-09-15 08:45:16,491:saveToExcel  98@getData] 2.[]
[2019-09-15 08:45:16,492:saveToExcel 106@getData] 3.[]
[2019-09-15 08:45:16,492:saveToExcel  22@getAllData] 1.new_word,new_meaning
[2019-09-15 08:45:16,492:saveToExcel  98@getData] 2.['e1']
[2019-09-15 08:45:16,493:saveToExcel 106@getData] 3.['k1']
[2019-09-15 08:45:16,493:saveToExcel  22@getAllData] 1.fighting,싸우자
[2019-09-15 08:45:16,494:saveToExcel  98@getData] 2.['fighting me']
[2019-09-15 08:45:16,494:saveToExcel 106@getData] 3.[]
[2019-09-15 08:45:16,495:saveToExcel  22@getAllData] 1.HI,안녕
[2019-09-15 08:45:16,496:saveToExcel  98@getData] 2.['Hi']
[2019-09-15 08:45:16,496:saveToExcel 106@getData] 3.['인사말']
[2019-09-15 08:45:16,497:saveToExcel  28@getAllData] Excel data: [{'index': 1, 'category': 'word1', 'word': 'test', 'meaning': '테스트', 'examples': ['테스트하다', '시험보다'], 'keywords': ['테스트', '시험']}, {'index': 2, 'category': 'word', 'word': 'test2', 'meaning': '테스트2', 'examples': ['시험보다'], 'keywords': ['시험']}, {'index': 3, 'category': 'word2', 'word': 'hello', 'meaning': '안녕', 'examples': [], 'keywords': []}, {'index': 4, 'category': 'word2', 'word': 'new_word', 'meaning': 'new_meaning', 'examples': ['e1'], 'keywords': ['k1']}, {'index': 5, 'category': 'word2', 'word': 'fighting', 'meaning': '싸우자', 'examples': ['fighting me'], 'keywords': []}, {'index': 6, 'category': 'word1', 'word': 'HI', 'meaning': '안녕', 'examples': ['Hi'], 'keywords': ['인사말']}]
[2019-09-15 08:45:37,701:saveToExcel  22@getAllData] 1.test,테스트
[2019-09-15 08:45:37,701:saveToExcel  98@getData] 2.['테스트하다', '시험보다']
[2019-09-15 08:45:37,702:saveToExcel 106@getData] 3.['테스트', '시험']
[2019-09-15 08:45:37,702:saveToExcel  22@getAllData] 1.test2,테스트2
[2019-09-15 08:45:37,703:saveToExcel  98@getData] 2.['시험보다']
[2019-09-15 08:45:37,703:saveToExcel 106@getData] 3.['시험']
[2019-09-15 08:45:37,704:saveToExcel  22@getAllData] 1.hello,안녕
[2019-09-15 08:45:37,705:saveToExcel  98@getData] 2.[]
[2019-09-15 08:45:37,705:saveToExcel 106@getData] 3.[]
[2019-09-15 08:45:37,706:saveToExcel  22@getAllData] 1.new_word,new_meaning
[2019-09-15 08:45:37,706:saveToExcel  98@getData] 2.['e1']
[2019-09-15 08:45:37,707:saveToExcel 106@getData] 3.['k1']
[2019-09-15 08:45:37,708:saveToExcel  22@getAllData] 1.fighting,싸우자
[2019-09-15 08:45:37,709:saveToExcel  98@getData] 2.['fighting me']
[2019-09-15 08:45:37,709:saveToExcel 106@getData] 3.[]
[2019-09-15 08:45:37,710:saveToExcel  22@getAllData] 1.HI,안녕
[2019-09-15 08:45:37,711:saveToExcel  98@getData] 2.['Hi']
[2019-09-15 08:45:37,711:saveToExcel 106@getData] 3.['인사말']
[2019-09-15 08:45:37,712:saveToExcel  28@getAllData] Excel data: [{'index': 1, 'category': 'word1', 'word': 'test', 'meaning': '테스트', 'examples': ['테스트하다', '시험보다'], 'keywords': ['테스트', '시험']}, {'index': 2, 'category': 'word', 'word': 'test2', 'meaning': '테스트2', 'examples': ['시험보다'], 'keywords': ['시험']}, {'index': 3, 'category': 'word2', 'word': 'hello', 'meaning': '안녕', 'examples': [], 'keywords': []}, {'index': 4, 'category': 'word2', 'word': 'new_word', 'meaning': 'new_meaning', 'examples': ['e1'], 'keywords': ['k1']}, {'index': 5, 'category': 'word2', 'word': 'fighting', 'meaning': '싸우자', 'examples': ['fighting me'], 'keywords': []}, {'index': 6, 'category': 'word1', 'word': 'HI', 'meaning': '안녕', 'examples': ['Hi'], 'keywords': ['인사말']}]
[2019-09-15 08:51:55,250:saveToExcel  22@getAllData] 1.test,테스트
[2019-09-15 08:51:55,252:saveToExcel  98@getData] 2.['테스트하다', '시험보다']
[2019-09-15 08:51:55,253:saveToExcel 106@getData] 3.['테스트', '시험']
[2019-09-15 08:51:55,254:saveToExcel  22@getAllData] 1.test2,테스트2
[2019-09-15 08:51:55,254:saveToExcel  98@getData] 2.['시험보다']
[2019-09-15 08:51:55,255:saveToExcel 106@getData] 3.['시험']
[2019-09-15 08:51:55,256:saveToExcel  22@getAllData] 1.hello,안녕
[2019-09-15 08:51:55,257:saveToExcel  98@getData] 2.[]
[2019-09-15 08:51:55,257:saveToExcel 106@getData] 3.[]
[2019-09-15 08:51:55,258:saveToExcel  22@getAllData] 1.new_word,new_meaning
[2019-09-15 08:51:55,258:saveToExcel  98@getData] 2.['e1']
[2019-09-15 08:51:55,259:saveToExcel 106@getData] 3.['k1']
[2019-09-15 08:51:55,259:saveToExcel  22@getAllData] 1.fighting,싸우자
[2019-09-15 08:51:55,261:saveToExcel  98@getData] 2.['fighting me']
[2019-09-15 08:51:55,262:saveToExcel 106@getData] 3.[]
[2019-09-15 08:51:55,262:saveToExcel  22@getAllData] 1.HI,안녕
[2019-09-15 08:51:55,263:saveToExcel  98@getData] 2.['Hi']
[2019-09-15 08:51:55,270:saveToExcel 106@getData] 3.['인사말']
[2019-09-15 08:51:55,271:saveToExcel  28@getAllData] Excel data: [{'index': 1, 'category': 'word1', 'word': 'test', 'meaning': '테스트', 'examples': ['테스트하다', '시험보다'], 'keywords': ['테스트', '시험']}, {'index': 2, 'category': 'word', 'word': 'test2', 'meaning': '테스트2', 'examples': ['시험보다'], 'keywords': ['시험']}, {'index': 3, 'category': 'word2', 'word': 'hello', 'meaning': '안녕', 'examples': [], 'keywords': []}, {'index': 4, 'category': 'word2', 'word': 'new_word', 'meaning': 'new_meaning', 'examples': ['e1'], 'keywords': ['k1']}, {'index': 5, 'category': 'word2', 'word': 'fighting', 'meaning': '싸우자', 'examples': ['fighting me'], 'keywords': []}, {'index': 6, 'category': 'word1', 'word': 'HI', 'meaning': '안녕', 'examples': ['Hi'], 'keywords': ['인사말']}]
[2019-09-15 08:52:09,560:saveToExcel  22@getAllData] 1.test,테스트
[2019-09-15 08:52:09,561:saveToExcel  98@getData] 2.['테스트하다', '시험보다']
[2019-09-15 08:52:09,566:saveToExcel 106@getData] 3.['테스트', '시험']
[2019-09-15 08:52:09,567:saveToExcel  22@getAllData] 1.test2,테스트2
[2019-09-15 08:52:09,567:saveToExcel  98@getData] 2.['시험보다']
[2019-09-15 08:52:09,568:saveToExcel 106@getData] 3.['시험']
[2019-09-15 08:52:09,568:saveToExcel  22@getAllData] 1.hello,안녕
[2019-09-15 08:52:09,569:saveToExcel  98@getData] 2.[]
[2019-09-15 08:52:09,570:saveToExcel 106@getData] 3.[]
[2019-09-15 08:52:09,570:saveToExcel  22@getAllData] 1.new_word,new_meaning
[2019-09-15 08:52:09,571:saveToExcel  98@getData] 2.['e1']
[2019-09-15 08:52:09,572:saveToExcel 106@getData] 3.['k1']
[2019-09-15 08:52:09,572:saveToExcel  22@getAllData] 1.fighting,싸우자
[2019-09-15 08:52:09,573:saveToExcel  98@getData] 2.['fighting me']
[2019-09-15 08:52:09,573:saveToExcel 106@getData] 3.[]
[2019-09-15 08:52:09,573:saveToExcel  22@getAllData] 1.HI,안녕
[2019-09-15 08:52:09,574:saveToExcel  98@getData] 2.['Hi']
[2019-09-15 08:52:09,574:saveToExcel 106@getData] 3.['인사말']
[2019-09-15 08:52:09,575:saveToExcel  28@getAllData] Excel data: [{'index': 1, 'category': 'word1', 'word': 'test', 'meaning': '테스트', 'examples': ['테스트하다', '시험보다'], 'keywords': ['테스트', '시험']}, {'index': 2, 'category': 'word', 'word': 'test2', 'meaning': '테스트2', 'examples': ['시험보다'], 'keywords': ['시험']}, {'index': 3, 'category': 'word2', 'word': 'hello', 'meaning': '안녕', 'examples': [], 'keywords': []}, {'index': 4, 'category': 'word2', 'word': 'new_word', 'meaning': 'new_meaning', 'examples': ['e1'], 'keywords': ['k1']}, {'index': 5, 'category': 'word2', 'word': 'fighting', 'meaning': '싸우자', 'examples': ['fighting me'], 'keywords': []}, {'index': 6, 'category': 'word1', 'word': 'HI', 'meaning': '안녕', 'examples': ['Hi'], 'keywords': ['인사말']}]
[2019-09-15 08:54:52,811:saveToExcel  22@getAllData] 1.test,테스트
[2019-09-15 08:54:52,812:saveToExcel  98@getData] 2.['테스트하다', '시험보다']
[2019-09-15 08:54:52,813:saveToExcel 106@getData] 3.['테스트', '시험']
[2019-09-15 08:54:52,814:saveToExcel  22@getAllData] 1.test2,테스트2
[2019-09-15 08:54:52,814:saveToExcel  98@getData] 2.['시험보다']
[2019-09-15 08:54:52,815:saveToExcel 106@getData] 3.['시험']
[2019-09-15 08:54:52,815:saveToExcel  22@getAllData] 1.hello,안녕
[2019-09-15 08:54:52,816:saveToExcel  98@getData] 2.[]
[2019-09-15 08:54:52,816:saveToExcel 106@getData] 3.[]
[2019-09-15 08:54:52,817:saveToExcel  22@getAllData] 1.new_word,new_meaning
[2019-09-15 08:54:52,817:saveToExcel  98@getData] 2.['e1']
[2019-09-15 08:54:52,818:saveToExcel 106@getData] 3.['k1']
[2019-09-15 08:54:52,818:saveToExcel  22@getAllData] 1.fighting,싸우자
[2019-09-15 08:54:52,819:saveToExcel  98@getData] 2.['fighting me']
[2019-09-15 08:54:52,819:saveToExcel 106@getData] 3.[]
[2019-09-15 08:54:52,820:saveToExcel  22@getAllData] 1.HI,안녕
[2019-09-15 08:54:52,820:saveToExcel  98@getData] 2.['Hi']
[2019-09-15 08:54:52,821:saveToExcel 106@getData] 3.['인사말']
[2019-09-15 08:54:52,821:saveToExcel  28@getAllData] Excel data: [{'index': 1, 'category': 'word1', 'word': 'test', 'meaning': '테스트', 'examples': ['테스트하다', '시험보다'], 'keywords': ['테스트', '시험']}, {'index': 2, 'category': 'word', 'word': 'test2', 'meaning': '테스트2', 'examples': ['시험보다'], 'keywords': ['시험']}, {'index': 3, 'category': 'word2', 'word': 'hello', 'meaning': '안녕', 'examples': [], 'keywords': []}, {'index': 4, 'category': 'word2', 'word': 'new_word', 'meaning': 'new_meaning', 'examples': ['e1'], 'keywords': ['k1']}, {'index': 5, 'category': 'word2', 'word': 'fighting', 'meaning': '싸우자', 'examples': ['fighting me'], 'keywords': []}, {'index': 6, 'category': 'word1', 'word': 'HI', 'meaning': '안녕', 'examples': ['Hi'], 'keywords': ['인사말']}]
[2019-09-15 08:55:24,274:saveToExcel  22@getAllData] 1.test,테스트
[2019-09-15 08:55:24,275:saveToExcel  98@getData] 2.['테스트하다', '시험보다']
[2019-09-15 08:55:24,276:saveToExcel 106@getData] 3.['테스트', '시험']
[2019-09-15 08:55:24,276:saveToExcel  22@getAllData] 1.test2,테스트2
[2019-09-15 08:55:24,276:saveToExcel  98@getData] 2.['시험보다']
[2019-09-15 08:55:24,277:saveToExcel 106@getData] 3.['시험']
[2019-09-15 08:55:24,277:saveToExcel  22@getAllData] 1.hello,안녕
[2019-09-15 08:55:24,277:saveToExcel  98@getData] 2.[]
[2019-09-15 08:55:24,278:saveToExcel 106@getData] 3.[]
[2019-09-15 08:55:24,278:saveToExcel  22@getAllData] 1.new_word,new_meaning
[2019-09-15 08:55:24,279:saveToExcel  98@getData] 2.['e1']
[2019-09-15 08:55:24,279:saveToExcel 106@getData] 3.['k1']
[2019-09-15 08:55:24,280:saveToExcel  22@getAllData] 1.fighting,싸우자
[2019-09-15 08:55:24,280:saveToExcel  98@getData] 2.['fighting me']
[2019-09-15 08:55:24,281:saveToExcel 106@getData] 3.[]
[2019-09-15 08:55:24,281:saveToExcel  22@getAllData] 1.HI,안녕
[2019-09-15 08:55:24,282:saveToExcel  98@getData] 2.['Hi']
[2019-09-15 08:55:24,282:saveToExcel 106@getData] 3.['인사말']
[2019-09-15 08:55:24,283:saveToExcel  28@getAllData] Excel data: [{'index': 1, 'category': 'word1', 'word': 'test', 'meaning': '테스트', 'examples': ['테스트하다', '시험보다'], 'keywords': ['테스트', '시험']}, {'index': 2, 'category': 'word', 'word': 'test2', 'meaning': '테스트2', 'examples': ['시험보다'], 'keywords': ['시험']}, {'index': 3, 'category': 'word2', 'word': 'hello', 'meaning': '안녕', 'examples': [], 'keywords': []}, {'index': 4, 'category': 'word2', 'word': 'new_word', 'meaning': 'new_meaning', 'examples': ['e1'], 'keywords': ['k1']}, {'index': 5, 'category': 'word2', 'word': 'fighting', 'meaning': '싸우자', 'examples': ['fighting me'], 'keywords': []}, {'index': 6, 'category': 'word1', 'word': 'HI', 'meaning': '안녕', 'examples': ['Hi'], 'keywords': ['인사말']}]
[2019-09-15 08:55:43,352:saveToExcel  22@getAllData] 1.test,테스트
[2019-09-15 08:55:43,352:saveToExcel  98@getData] 2.['테스트하다', '시험보다']
[2019-09-15 08:55:43,353:saveToExcel 106@getData] 3.['테스트', '시험']
[2019-09-15 08:55:43,353:saveToExcel  22@getAllData] 1.test2,테스트2
[2019-09-15 08:55:43,354:saveToExcel  98@getData] 2.['시험보다']
[2019-09-15 08:55:43,354:saveToExcel 106@getData] 3.['시험']
[2019-09-15 08:55:43,355:saveToExcel  22@getAllData] 1.hello,안녕
[2019-09-15 08:55:43,356:saveToExcel  98@getData] 2.[]
[2019-09-15 08:55:43,357:saveToExcel 106@getData] 3.[]
[2019-09-15 08:55:43,363:saveToExcel  22@getAllData] 1.new_word,new_meaning
[2019-09-15 08:55:43,364:saveToExcel  98@getData] 2.['e1']
[2019-09-15 08:55:43,364:saveToExcel 106@getData] 3.['k1']
[2019-09-15 08:55:43,365:saveToExcel  22@getAllData] 1.fighting,싸우자
[2019-09-15 08:55:43,365:saveToExcel  98@getData] 2.['fighting me']
[2019-09-15 08:55:43,366:saveToExcel 106@getData] 3.[]
[2019-09-15 08:55:43,366:saveToExcel  22@getAllData] 1.HI,안녕
[2019-09-15 08:55:43,367:saveToExcel  98@getData] 2.['Hi']
[2019-09-15 08:55:43,367:saveToExcel 106@getData] 3.['인사말']
[2019-09-15 08:55:43,368:saveToExcel  28@getAllData] Excel data: [{'index': 1, 'category': 'word1', 'word': 'test', 'meaning': '테스트', 'examples': ['테스트하다', '시험보다'], 'keywords': ['테스트', '시험']}, {'index': 2, 'category': 'word', 'word': 'test2', 'meaning': '테스트2', 'examples': ['시험보다'], 'keywords': ['시험']}, {'index': 3, 'category': 'word2', 'word': 'hello', 'meaning': '안녕', 'examples': [], 'keywords': []}, {'index': 4, 'category': 'word2', 'word': 'new_word', 'meaning': 'new_meaning', 'examples': ['e1'], 'keywords': ['k1']}, {'index': 5, 'category': 'word2', 'word': 'fighting', 'meaning': '싸우자', 'examples': ['fighting me'], 'keywords': []}, {'index': 6, 'category': 'word1', 'word': 'HI', 'meaning': '안녕', 'examples': ['Hi'], 'keywords': ['인사말']}]
[2019-09-15 08:56:16,719:saveToExcel  22@getAllData] 1.test,테스트
[2019-09-15 08:56:16,720:saveToExcel  98@getData] 2.['테스트하다', '시험보다']
[2019-09-15 08:56:16,721:saveToExcel 106@getData] 3.['테스트', '시험']
[2019-09-15 08:56:16,721:saveToExcel  22@getAllData] 1.test2,테스트2
[2019-09-15 08:56:16,722:saveToExcel  98@getData] 2.['시험보다']
[2019-09-15 08:56:16,722:saveToExcel 106@getData] 3.['시험']
[2019-09-15 08:56:16,723:saveToExcel  22@getAllData] 1.hello,안녕
[2019-09-15 08:56:16,724:saveToExcel  98@getData] 2.[]
[2019-09-15 08:56:16,724:saveToExcel 106@getData] 3.[]
[2019-09-15 08:56:16,725:saveToExcel  22@getAllData] 1.new_word,new_meaning
[2019-09-15 08:56:16,725:saveToExcel  98@getData] 2.['e1']
[2019-09-15 08:56:16,726:saveToExcel 106@getData] 3.['k1']
[2019-09-15 08:56:16,726:saveToExcel  22@getAllData] 1.fighting,싸우자
[2019-09-15 08:56:16,727:saveToExcel  98@getData] 2.['fighting me']
[2019-09-15 08:56:16,727:saveToExcel 106@getData] 3.[]
[2019-09-15 08:56:16,727:saveToExcel  22@getAllData] 1.HI,안녕
[2019-09-15 08:56:16,728:saveToExcel  98@getData] 2.['Hi']
[2019-09-15 08:56:16,728:saveToExcel 106@getData] 3.['인사말']
[2019-09-15 08:56:16,729:saveToExcel  28@getAllData] Excel data: [{'index': 1, 'category': 'word1', 'word': 'test', 'meaning': '테스트', 'examples': ['테스트하다', '시험보다'], 'keywords': ['테스트', '시험']}, {'index': 2, 'category': 'word', 'word': 'test2', 'meaning': '테스트2', 'examples': ['시험보다'], 'keywords': ['시험']}, {'index': 3, 'category': 'word2', 'word': 'hello', 'meaning': '안녕', 'examples': [], 'keywords': []}, {'index': 4, 'category': 'word2', 'word': 'new_word', 'meaning': 'new_meaning', 'examples': ['e1'], 'keywords': ['k1']}, {'index': 5, 'category': 'word2', 'word': 'fighting', 'meaning': '싸우자', 'examples': ['fighting me'], 'keywords': []}, {'index': 6, 'category': 'word1', 'word': 'HI', 'meaning': '안녕', 'examples': ['Hi'], 'keywords': ['인사말']}]
